<?xml version="1.0" encoding="UTF-8"?>
<!-- Generated by org.testng.reporters.JUnitXMLReporter -->
<testsuite hostname="QUFT12011" ignored="0" name="AEM_PDP_BV_Q&amp;A_SubmitAnswerToTheQuestion_uk_chrome" tests="1" failures="0" timestamp="11 Dec 2017 05:47:19 GMT" time="131.726" errors="0">
  <testcase name="AEM_PDP_BV_Q&amp;A_SubmitAnswerToTheQuestion_uk_chrome" time="131.726" classname="com.qvc.selenium.plugin.TestCase"/>
</testsuite> <!-- AEM_PDP_BV_Q&A_SubmitAnswerToTheQuestion_uk_chrome -->
