<?xml version="1.0" encoding="UTF-8"?>
<!-- Generated by org.testng.reporters.JUnitXMLReporter -->
<testsuite hostname="QUFT12011" ignored="0" name="AEM_PDP_BV_Q&amp;A_AskAQuestionButtonInFooter_Submit_uk_chrome" tests="1" failures="0" timestamp="11 Dec 2017 05:45:07 GMT" time="115.934" errors="0">
  <testcase name="AEM_PDP_BV_Q&amp;A_AskAQuestionButtonInFooter_Submit_uk_chrome" time="115.933" classname="com.qvc.selenium.plugin.TestCase"/>
</testsuite> <!-- AEM_PDP_BV_Q&A_AskAQuestionButtonInFooter_Submit_uk_chrome -->
