<?xml version="1.0" encoding="UTF-8"?>
<!-- Generated by org.testng.reporters.JUnitXMLReporter -->
<testsuite hostname="QUFT12011" ignored="0" name="AEM_PDP_Preselect_Last_Remaining_Color_Size_Options_All_Geos_uk_chrome" tests="1" failures="0" timestamp="11 Dec 2017 05:43:54 GMT" time="80.914" errors="0">
  <testcase name="AEM_PDP_Preselect_Last_Remaining_Color_Size_Options_All_Geos_uk_chrome" time="80.914" classname="com.qvc.selenium.plugin.TestCase"/>
</testsuite> <!-- AEM_PDP_Preselect_Last_Remaining_Color_Size_Options_All_Geos_uk_chrome -->
