<?xml version="1.0" encoding="UTF-8"?>
<!-- Generated by org.testng.reporters.JUnitXMLReporter -->
<testsuite hostname="QUFT12011" ignored="0" name="AEM_StaticImage_ComponentsAreClickable_FrontEnd_uk_chrome" tests="1" failures="0" timestamp="11 Dec 2017 05:50:26 GMT" time="10.1" errors="0">
  <testcase name="AEM_StaticImage_ComponentsAreClickable_FrontEnd_uk_chrome" time="10.09" classname="com.qvc.selenium.plugin.TestCase"/>
</testsuite> <!-- AEM_StaticImage_ComponentsAreClickable_FrontEnd_uk_chrome -->
