<?xml version="1.0" encoding="UTF-8"?>
<!-- Generated by org.testng.reporters.JUnitXMLReporter -->
<testsuite hostname="QUFT12011" ignored="0" name="AEM_ShopByCategoryModule_ComponentsAreClickable_uk_chrome" tests="1" failures="0" timestamp="11 Dec 2017 05:48:37 GMT" time="20.439" errors="0">
  <testcase name="AEM_ShopByCategoryModule_ComponentsAreClickable_uk_chrome" time="20.438" classname="com.qvc.selenium.plugin.TestCase"/>
</testsuite> <!-- AEM_ShopByCategoryModule_ComponentsAreClickable_uk_chrome -->
