<?xml version="1.0" encoding="UTF-8"?>
<!-- Generated by org.testng.reporters.JUnitXMLReporter -->
<testsuite hostname="QUFT12011" ignored="0" name="AEM_LifestyleCarouselModule_ComponentsAreClickable_uk_chrome" tests="1" failures="0" timestamp="11 Dec 2017 05:49:02 GMT" time="47.855" errors="0">
  <testcase name="AEM_LifestyleCarouselModule_ComponentsAreClickable_uk_chrome" time="47.853" classname="com.qvc.selenium.plugin.TestCase"/>
</testsuite> <!-- AEM_LifestyleCarouselModule_ComponentsAreClickable_uk_chrome -->
