<?xml version="1.0" encoding="UTF-8"?>
<!-- Generated by org.testng.reporters.JUnitXMLReporter -->
<testsuite hostname="QUFT12011" ignored="0" name="AEM_PDP_BV_Q&amp;A_BeTheFirstToAskQuestion_NewAccount_Cancel_uk_chrome" tests="1" failures="0" timestamp="11 Dec 2017 05:44:49 GMT" time="94.944" errors="0">
  <testcase name="AEM_PDP_BV_Q&amp;A_BeTheFirstToAskQuestion_NewAccount_Cancel_uk_chrome" time="94.944" classname="com.qvc.selenium.plugin.TestCase"/>
</testsuite> <!-- AEM_PDP_BV_Q&A_BeTheFirstToAskQuestion_NewAccount_Cancel_uk_chrome -->
