<?xml version="1.0" encoding="UTF-8"?>
<!-- Generated by org.testng.reporters.JUnitXMLReporter -->
<testsuite hostname="QUFT12011" ignored="0" name="AEM_PDP_BV_PoliciesAndGuidelines_ClickAndVerify_uk_chrome" tests="1" failures="0" timestamp="11 Dec 2017 05:43:31 GMT" time="24.181" errors="0">
  <testcase name="AEM_PDP_BV_PoliciesAndGuidelines_ClickAndVerify_uk_chrome" time="24.18" classname="com.qvc.selenium.plugin.TestCase"/>
</testsuite> <!-- AEM_PDP_BV_PoliciesAndGuidelines_ClickAndVerify_uk_chrome -->
