<?xml version="1.0" encoding="UTF-8"?>
<!-- Generated by org.testng.reporters.JUnitXMLReporter -->
<testsuite hostname="QUFT12011" ignored="0" name="AEM_SizeColorOptions_ProductOptions_Size_Only_Option_uk_chrome" tests="1" failures="0" timestamp="11 Dec 2017 05:41:56 GMT" time="26.968" errors="0">
  <testcase name="AEM_SizeColorOptions_ProductOptions_Size_Only_Option_uk_chrome" time="26.968" classname="com.qvc.selenium.plugin.TestCase"/>
</testsuite> <!-- AEM_SizeColorOptions_ProductOptions_Size_Only_Option_uk_chrome -->
