<?xml version="1.0" encoding="UTF-8"?>
<!-- Generated by org.testng.reporters.JUnitXMLReporter -->
<testsuite hostname="QUFT12011" ignored="0" name="AEM_PDP_BV_Reviews_NoLikeReview_Voted_ExistingAccount_uk_chrome" tests="1" failures="0" timestamp="11 Dec 2017 05:45:54 GMT" time="42.413" errors="0">
  <testcase name="AEM_PDP_BV_Reviews_NoLikeReview_Voted_ExistingAccount_uk_chrome" time="42.413" classname="com.qvc.selenium.plugin.TestCase"/>
</testsuite> <!-- AEM_PDP_BV_Reviews_NoLikeReview_Voted_ExistingAccount_uk_chrome -->
