<?xml version="1.0" encoding="UTF-8"?>
<!-- Generated by org.testng.reporters.JUnitXMLReporter -->
<testsuite hostname="QUFT12011" ignored="0" name="AEM_PDP_BV_Reviews_WriteAReview_ItemWithReview_Cancel_uk_chrome" tests="1" failures="0" timestamp="11 Dec 2017 05:47:14 GMT" time="89.197" errors="0">
  <testcase name="AEM_PDP_BV_Reviews_WriteAReview_ItemWithReview_Cancel_uk_chrome" time="89.197" classname="com.qvc.selenium.plugin.TestCase"/>
</testsuite> <!-- AEM_PDP_BV_Reviews_WriteAReview_ItemWithReview_Cancel_uk_chrome -->
