<?xml version="1.0" encoding="UTF-8"?>
<!-- Generated by org.testng.reporters.JUnitXMLReporter -->
<testsuite hostname="QUFT12011" ignored="0" name="PD_AEM_Shipping_and_Handling_Shipping_Standard_UK_only_uk_chrome" tests="1" failures="0" timestamp="11 Dec 2017 05:42:17 GMT" time="21.229" errors="0">
  <testcase name="PD_AEM_Shipping_and_Handling_Shipping_Standard_UK_only_uk_chrome" time="21.229" classname="com.qvc.selenium.plugin.TestCase"/>
</testsuite> <!-- PD_AEM_Shipping_and_Handling_Shipping_Standard_UK_only_uk_chrome -->
