<?xml version="1.0" encoding="UTF-8"?>
<!-- Generated by org.testng.reporters.JUnitXMLReporter -->
<testsuite hostname="QUFT12011" ignored="0" name="PD_AEM_Tooltip_Rule_for_Appearing_and_Disappearing_uk_chrome" tests="1" failures="0" timestamp="11 Dec 2017 05:42:46 GMT" time="39.84" errors="0">
  <testcase name="PD_AEM_Tooltip_Rule_for_Appearing_and_Disappearing_uk_chrome" time="39.84" classname="com.qvc.selenium.plugin.TestCase"/>
</testsuite> <!-- PD_AEM_Tooltip_Rule_for_Appearing_and_Disappearing_uk_chrome -->
