<!DOCTYPE html PUBLIC "-//W3C//DTD XHTML 1.1//EN" "http://www.w3.org/TR/xhtml11/DTD/xhtml11.dtd">
<html xmlns="http://www.w3.org/1999/xhtml"><head><title>TestNG Report</title><style type="text/css">table {margin-bottom:10px;border-collapse:collapse;empty-cells:show}th,td {border:1px solid #009;padding:.25em .5em}th {vertical-align:bottom}td {vertical-align:top}table a {font-weight:bold}.stripe td {background-color: #E6EBF9}.num {text-align:right}.passedodd td {background-color: #3F3}.passedeven td {background-color: #0A0}.skippedodd td {background-color: #DDD}.skippedeven td {background-color: #CCC}.failedodd td,.attn {background-color: #F33}.failedeven td,.stripe .attn {background-color: #D00}.stacktrace {white-space:pre;font-family:monospace}.totop {font-size:85%;text-align:center;border-bottom:2px solid #000}</style></head><body><table><tr><th>Test</th><th># Passed</th><th># Skipped</th><th># Failed</th><th>Time (ms)</th><th>Included Groups</th><th>Excluded Groups</th></tr><tr><th colspan="7">AEM_UK</th></tr><tr><td><a href="#t0">AEM_StaticImage_ComponentsAreClickable_FrontEnd_uk_chrome</a></td><td class="num">1</td><td class="num">0</td><td class="num">0</td><td class="num">10,100</td><td></td><td></td></tr><tr class="stripe"><td><a href="#t1">AEM_PDP_AutoDelivery_VerifyADPlan_uk_chrome</a></td><td class="num">0</td><td class="num">0</td><td class="num attn">1</td><td class="num">32,103</td><td></td><td></td></tr><tr><td><a href="#t2">AEM_SLTV_Via_IROA_BuyBox_Elements_All_Geos_uk_chrome</a></td><td class="num">0</td><td class="num">0</td><td class="num attn">1</td><td class="num">32,829</td><td></td><td></td></tr><tr class="stripe"><td><a href="#t3">AEM_SLTV_BuyBox_Shop_Now_Speedbuy_All_Geos_uk_chrome</a></td><td class="num">0</td><td class="num">0</td><td class="num attn">1</td><td class="num">33,413</td><td></td><td></td></tr><tr><td><a href="#t4">AEM_SLTV_BuyBox_Shop_Now_AddToCart_All_Geos_uk_chrome</a></td><td class="num">0</td><td class="num">0</td><td class="num attn">1</td><td class="num">33,377</td><td></td><td></td></tr><tr class="stripe"><td><a href="#t5">AEM_SLTV_IROA_Carousel_UK&amp;DE_uk_chrome</a></td><td class="num">0</td><td class="num">0</td><td class="num attn">1</td><td class="num">36,743</td><td></td><td></td></tr><tr><td><a href="#t6">AEM_SizeColorOptions_Hover_uk_chrome</a></td><td class="num">1</td><td class="num">0</td><td class="num">0</td><td class="num">38,263</td><td></td><td></td></tr><tr class="stripe"><td><a href="#t7">AEM_PDP_Video_Mute&amp;Unmute_uk_chrome</a></td><td class="num">1</td><td class="num">0</td><td class="num">0</td><td class="num">54,409</td><td></td><td></td></tr><tr><td><a href="#t8">AEM_PDP_BV_Q&amp;A_CancelAnswerAQuestionBeforePreview_uk_chrome</a></td><td class="num">1</td><td class="num">0</td><td class="num">0</td><td class="num">57,125</td><td></td><td></td></tr><tr class="stripe"><td><a href="#t9">PD_AEM_Shipping_and_Handling_Multi_Quantity_UK_only_uk_chrome</a></td><td class="num">0</td><td class="num">0</td><td class="num attn">1</td><td class="num">129,942</td><td></td><td></td></tr><tr><th>Total</th><th class="num">4</th><th class="num">0</th><th class="num attn">6</th><th class="num">458,304</th><th colspan="2"></th></tr></table><table id='summary'><thead><tr><th>Class</th><th>Method</th><th>Start</th><th>Time (ms)</th></tr></thead><tbody><tr><th colspan="4">AEM_UK</th></tr></tbody><tbody id="t0"><tr><th colspan="4">AEM_StaticImage_ComponentsAreClickable_FrontEnd_uk_chrome &#8212; passed</th></tr><tr class="passedeven"><td rowspan="1">com.qvc.selenium.plugin.TestCase</td><td><a href="#m0">runTestCase</a></td><td rowspan="1">1512971416016</td><td rowspan="1">10090</td></tr></tbody><tbody id="t1"><tr><th colspan="4">AEM_PDP_AutoDelivery_VerifyADPlan_uk_chrome &#8212; failed</th></tr><tr class="failedeven"><td rowspan="1">com.qvc.selenium.plugin.TestCase</td><td><a href="#m1">runTestCase</a></td><td rowspan="1">1512971415993</td><td rowspan="1">32095</td></tr></tbody><tbody id="t2"><tr><th colspan="4">AEM_SLTV_Via_IROA_BuyBox_Elements_All_Geos_uk_chrome &#8212; failed</th></tr><tr class="failedeven"><td rowspan="1">com.qvc.selenium.plugin.TestCase</td><td><a href="#m2">runTestCase</a></td><td rowspan="1">1512971416016</td><td rowspan="1">32818</td></tr></tbody><tbody id="t3"><tr><th colspan="4">AEM_SLTV_BuyBox_Shop_Now_Speedbuy_All_Geos_uk_chrome &#8212; failed</th></tr><tr class="failedeven"><td rowspan="1">com.qvc.selenium.plugin.TestCase</td><td><a href="#m3">runTestCase</a></td><td rowspan="1">1512971416012</td><td rowspan="1">33402</td></tr></tbody><tbody id="t4"><tr><th colspan="4">AEM_SLTV_BuyBox_Shop_Now_AddToCart_All_Geos_uk_chrome &#8212; failed</th></tr><tr class="failedeven"><td rowspan="1">com.qvc.selenium.plugin.TestCase</td><td><a href="#m4">runTestCase</a></td><td rowspan="1">1512971416012</td><td rowspan="1">33371</td></tr></tbody><tbody id="t5"><tr><th colspan="4">AEM_SLTV_IROA_Carousel_UK&amp;DE_uk_chrome &#8212; failed</th></tr><tr class="failedeven"><td rowspan="1">com.qvc.selenium.plugin.TestCase</td><td><a href="#m5">runTestCase</a></td><td rowspan="1">1512971416014</td><td rowspan="1">36735</td></tr></tbody><tbody id="t6"><tr><th colspan="4">AEM_SizeColorOptions_Hover_uk_chrome &#8212; passed</th></tr><tr class="passedeven"><td rowspan="1">com.qvc.selenium.plugin.TestCase</td><td><a href="#m6">runTestCase</a></td><td rowspan="1">1512971416012</td><td rowspan="1">38251</td></tr></tbody><tbody id="t7"><tr><th colspan="4">AEM_PDP_Video_Mute&amp;Unmute_uk_chrome &#8212; passed</th></tr><tr class="passedeven"><td rowspan="1">com.qvc.selenium.plugin.TestCase</td><td><a href="#m7">runTestCase</a></td><td rowspan="1">1512971416014</td><td rowspan="1">54402</td></tr></tbody><tbody id="t8"><tr><th colspan="4">AEM_PDP_BV_Q&amp;A_CancelAnswerAQuestionBeforePreview_uk_chrome &#8212; passed</th></tr><tr class="passedeven"><td rowspan="1">com.qvc.selenium.plugin.TestCase</td><td><a href="#m8">runTestCase</a></td><td rowspan="1">1512971416012</td><td rowspan="1">57110</td></tr></tbody><tbody id="t9"><tr><th colspan="4">PD_AEM_Shipping_and_Handling_Multi_Quantity_UK_only_uk_chrome &#8212; failed</th></tr><tr class="failedeven"><td rowspan="1">com.qvc.selenium.plugin.TestCase</td><td><a href="#m9">runTestCase</a></td><td rowspan="1">1512971416059</td><td rowspan="1">129889</td></tr></tbody></table><h2>AEM_StaticImage_ComponentsAreClickable_FrontEnd_uk_chrome</h2><h3 id="m0">com.qvc.selenium.plugin.TestCase#runTestCase</h3><table class="result"><tr><th>Messages</th></tr><tr><td><div class="messages"><div class=stepevent.level.toString()>Creating driver http://qloud:4444/wd/hub Capabilities [{proxy=Proxy(manual, ftp=wchwe21.qvc.com:80, http=wchwe21.qvc.com:80, ssl=wchwe21.qvc.com:80), honorSystemProxy=true, browserName=chrome, version=, platform=LINUX}]
</div><br/><br/><div class=stepevent.level.toString()>Go to URL &quot;qa.qvcuk.com&quot;
 Test module &quot;GotoUrl&quot;
</div><br/><br/><div class=stepevent.level.toString()>Nav to QVC
 Running action GoToUrl with data {url=http://qa.qvcuk.com/content/qvc-commerce-uk/en/homepage/chinateam/hptest.html}
</div><br/><br/><div class=stepevent.level.toString()>If have popup window
 Running action CheckForElements on cookiesBarCloseBtn [{xpath=//*[@id=&quot;alert-cookie-info-bar&quot;]//button[@class=&quot;close&quot;]}] with data {wait=2}
</div><br/><br/><div class=stepevent.level.toString()>Close it
 Running action Click on cookiesBarCloseBtn [{xpath=//*[@id=&quot;alert-cookie-info-bar&quot;]//button[@class=&quot;close&quot;]}]
</div><br/><br/><div class=stepevent.level.toString()>Wait util the object show up to make sure we switch to correct page
 Running action WaitUntilObjectExist on divHomepage [{id=pageContent}, {xpath=//*[@id='pageContent']}]
</div><br/><br/><div class=stepevent.level.toString()>Function Elapsed Time 0 min, 5 sec
</div><br/><br/><div class=stepevent.level.toString()>Verify that the large static image is displayed on home  page and linking to related page
 Test module &quot;VerifyLargeStaticImgModule&quot;
</div><br/><br/><div class=stepevent.level.toString()>Wait until homepage display
 Running action WaitUntilObjectExist on BackToHomePage [{xpath=//img[@title='QVC']}, {id=pageMasthead}, {id=divMastheadLogo}, {id=mastheadLogo}, {linkText=Home}]
</div><br/><br/><div class=stepevent.level.toString()>Verify the large static image is displayed
 Running action VerifyExist on largeStaticImage [{xpath=//*[@class='visible-dt cq-dd-largeDisplayImage']}]
</div><br/><br/><div class=stepevent.level.toString()>Click the large static image
 Running action Click on largeStaticImage [{xpath=//*[@class='visible-dt cq-dd-largeDisplayImage']}]
</div><br/><br/><div class=stepevent.level.toString()>Verify the &quot;Home&quot; breadcrumb is displayed
 Running action VerifyExist on homeBreadcrumb [{id=breadCrumbs}]
</div><br/><br/><div class=stepevent.level.toString()>If have category
 Running action CheckForElements on categoryLabel [{xpath=//*[@id='divNavFacetCategory']//h3}]
</div><br/><br/><div class=stepevent.level.toString()>Verify the &quot;Category&quot; label is displayed
 Running action ContainsText on categoryLabel [{xpath=//*[@id='divNavFacetCategory']//h3}] with data {text=Category}
</div><br/><br/><div class=stepevent.level.toString()>If have page title
 Running action CheckForElements on pageTitle [{id=divPageTitle}, {xpath=//*[@id='divPageTitle']/h1}, {xpath=//*[@class='breadcrumb pageBreadcrumb']}]
</div><br/><br/><div class=stepevent.level.toString()>Verify the page title is displayed
 Running action VerifyExist on pageTitle [{id=divPageTitle}, {xpath=//*[@id='divPageTitle']/h1}, {xpath=//*[@class='breadcrumb pageBreadcrumb']}]
</div><br/><br/><div class=stepevent.level.toString()>Function Elapsed Time 0 min, 2 sec
</div><br/><br/><div class=stepevent.level.toString()>Report file generated: c:\seleniumframeworkplugin\testOutput\16\DetailReport\ReRun\Pass_AEM_StaticImage_ComponentsAreClickable_FrontEnd_uk_chrome.html
</div><br/></div></td></tr></table><p class="totop"><a href="#summary">back to summary</a></p><h2>AEM_PDP_AutoDelivery_VerifyADPlan_uk_chrome</h2><h3 id="m1">com.qvc.selenium.plugin.TestCase#runTestCase</h3><table class="result"><tr><th>Messages</th></tr><tr><td><div class="messages"><div class=stepevent.level.toString()>Creating driver http://qloud:4444/wd/hub Capabilities [{proxy=Proxy(manual, ftp=wchwe21.qvc.com:80, http=wchwe21.qvc.com:80, ssl=wchwe21.qvc.com:80), honorSystemProxy=true, browserName=chrome, version=, platform=LINUX}]
</div><br/><br/><div class=stepevent.level.toString()>Go to URL qa.qvc.com
 Test module &quot;GotoUrl&quot;
</div><br/><br/><div class=stepevent.level.toString()>Nav to QVC
 Running action GoToUrl with data {url=http://qa.qvcuk.com}
</div><br/><br/><div class=stepevent.level.toString()>If have popup window
 Running action CheckForElements on cookiesBarCloseBtn [{xpath=//*[@id=&quot;alert-cookie-info-bar&quot;]//button[@class=&quot;close&quot;]}] with data {wait=2}
</div><br/><br/><div class=stepevent.level.toString()>Close it
 Running action Click on cookiesBarCloseBtn [{xpath=//*[@id=&quot;alert-cookie-info-bar&quot;]//button[@class=&quot;close&quot;]}]
</div><br/><br/><div class=stepevent.level.toString()>Wait util the object show up to make sure we switch to correct page
 Running action WaitUntilObjectExist on divHomepage [{id=pageContent}, {xpath=//*[@id='pageContent']}]
</div><br/><br/><div class=stepevent.level.toString()>Function Elapsed Time 0 min, 5 sec
</div><br/><br/><div class=stepevent.level.toString()>Search regular Product
 Test module &quot;ByProductNum&quot;
</div><br/><br/><div class=stepevent.level.toString()>Wait until the search bar display
 Running action WaitUntilObjectExist on searchBox [{id=searchBoxField}, {id=txtMastheadSearch}] with data {wait=4}
</div><br/><br/><div class=stepevent.level.toString()>Enter item number
 Running action SendKeys on searchBox [{id=searchBoxField}, {id=txtMastheadSearch}] with data {text=200299}
</div><br/><br/><div class=stepevent.level.toString()>Click &quot;Search&quot; button
 Running action Click on goBtn [{id=btnMastheadSearch}]
</div><br/><br/><div class=stepevent.level.toString()>Close the cookies bar
 Running action CheckForElements on cookiesBarCloseBtn [{xpath=//*[@id=&quot;alert-cookie-info-bar&quot;]//button[@class=&quot;close&quot;]}]
</div><br/><br/><div class=stepevent.level.toString()>Function Elapsed Time 0 min, 14 sec
</div><br/><br/><div class=stepevent.level.toString()>Verify auto delivery item
 Test module &quot;VerifyAutoDeliveryItemToolTip&quot;
</div><br/><br/><div class=stepevent.level.toString()>Verify that we are at &quot;Product Detail&quot; page
 Running action ContainsText on productDetailHeader [{xpath=//*[@class=&quot;breadcrumb pageBreadcrumb&quot;]}] with data {text=Product Detail}
</div><br/><br/><div class=stepevent.level.toString()>Verify that the delivery options exists
 Running action ContainsText on DeliveryOptionLabel [{xpath=//*[@class=&quot;buyBoxSelect buyBoxSelectDelivery&quot;]//*[@class=&quot;aboveLabel&quot;]}] with data {text=Delivery Options}
</div><br/><br/><div class=stepevent.level.toString()>Locator was: {xpath=//button[@title=&quot;Resume&quot;]}
</div><br/><br/><div class=stepevent.level.toString()>Report file generated: c:\seleniumframeworkplugin\testOutput\16\DetailReport\ReRun\Fail_AEM_PDP_AutoDelivery_VerifyADPlan_uk_chrome.html
</div><br/></div></td></tr><tr><th>Exception</th></tr><tr><td><div class="stacktrace">org.openqa.selenium.NoSuchElementException: no such element: Unable to locate element: {&quot;method&quot;:&quot;xpath&quot;,&quot;selector&quot;:&quot;//*[@class=&quot;buyBoxSelect buyBoxSelectDelivery&quot;]//*[@class=&quot;aboveLabel&quot;]&quot;}
  (Session info: chrome=59.0.3071.115)
  (Driver info: chromedriver=2.30.477691 (6ee44a7247c639c0703f291d320bdf05c1531b57),platform=Linux 4.4.0-96-generic x86_64) (WARNING: The server did not provide any stacktrace information)
Command duration or timeout: 25 milliseconds
For documentation on this error, please visit: http://seleniumhq.org/exceptions/no_such_element.html
Build info: version: &apos;3.4.0&apos;, revision: &apos;unknown&apos;, time: &apos;unknown&apos;
System info: host: &apos;wchpilsgrid03&apos;, ip: &apos;167.140.56.160&apos;, os.name: &apos;Linux&apos;, os.arch: &apos;amd64&apos;, os.version: &apos;4.4.0-96-generic&apos;, java.version: &apos;1.8.0_131&apos;
Driver info: org.openqa.selenium.chrome.ChromeDriver
Capabilities [{applicationCacheEnabled=false, rotatable=false, mobileEmulationEnabled=false, networkConnectionEnabled=false, chrome={chromedriverVersion=2.30.477691 (6ee44a7247c639c0703f291d320bdf05c1531b57), userDataDir=/tmp/.org.chromium.Chromium.n43SxC}, takesHeapSnapshot=true, pageLoadStrategy=normal, databaseEnabled=false, handlesAlerts=true, hasTouchScreen=false, version=59.0.3071.115, platform=LINUX, browserConnectionEnabled=false, nativeEvents=true, acceptSslCerts=true, locationContextEnabled=true, webStorageEnabled=true, browserName=chrome, takesScreenshot=true, javascriptEnabled=true, cssSelectorsEnabled=true, unexpectedAlertBehaviour=}]
Session ID: 79bd4d8605aef0df260a78176cf42672
*** Element info: {Using=xpath, value=//*[@class=&quot;buyBoxSelect buyBoxSelectDelivery&quot;]//*[@class=&quot;aboveLabel&quot;]}
Command duration or timeout: 446 milliseconds
	at org.openqa.selenium.remote.ErrorHandler.createThrowable(ErrorHandler.java:215)
	at org.openqa.selenium.remote.ErrorHandler.throwIfResponseFailed(ErrorHandler.java:167)
	at org.openqa.selenium.remote.RemoteWebDriver.execute(RemoteWebDriver.java:671)
	at org.openqa.selenium.remote.RemoteWebDriver.findElement(RemoteWebDriver.java:410)
	at org.openqa.selenium.remote.RemoteWebDriver.findElementByXPath(RemoteWebDriver.java:509)
	at com.qvc.selenium.data.PageObject.findElement(PageObject.java:166)
	at com.qvc.selenium.data.PageObject.getWebElement(PageObject.java:210)
	at com.qvc.selenium.actions.BaseAction.getWebElement(BaseAction.java:154)
	at com.qvc.selenium.actions.BaseAction.getWebElement(BaseAction.java:140)
	at com.qvc.selenium.actions.VerifyContainsTextAction.runAction(VerifyContainsTextAction.java:20)
	at com.qvc.selenium.steps.TestStep.run(TestStep.java:217)
	at com.qvc.selenium.plugin.TestModule.runTestFlow(TestModule.java:92)
	at com.qvc.selenium.plugin.TestModule.runTestFlow(TestModule.java:62)
	at com.qvc.selenium.steps.FunctionTestStep.run(FunctionTestStep.java:85)
	at com.qvc.selenium.plugin.TestModule.runTestFlow(TestModule.java:92)
	at com.qvc.selenium.plugin.TestCase.runTestCase(TestCase.java:92)
	at java.util.concurrent.Executors$RunnableAdapter.call(Executors.java:511)
	at java.util.concurrent.FutureTask.run(FutureTask.java:266)
	at java.util.concurrent.ThreadPoolExecutor.runWorker(ThreadPoolExecutor.java:1149)
	at java.util.concurrent.ThreadPoolExecutor$Worker.run(ThreadPoolExecutor.java:624)
	at java.lang.Thread.run(Thread.java:748)
Caused by: org.openqa.selenium.remote.ScreenshotException: Screen shot has been taken
	at org.openqa.selenium.remote.ErrorHandler.throwIfResponseFailed(ErrorHandler.java:141)
	... 25 more
Caused by: org.openqa.selenium.NoSuchElementException: no such element: Unable to locate element: {&quot;method&quot;:&quot;xpath&quot;,&quot;selector&quot;:&quot;//*[@class=&quot;buyBoxSelect buyBoxSelectDelivery&quot;]//*[@class=&quot;aboveLabel&quot;]&quot;}
  (Session info: chrome=59.0.3071.115)
  (Driver info: chromedriver=2.30.477691 (6ee44a7247c639c0703f291d320bdf05c1531b57),platform=Linux 4.4.0-96-generic x86_64) (WARNING: The server did not provide any stacktrace information)
Command duration or timeout: 25 milliseconds
For documentation on this error, please visit: http://seleniumhq.org/exceptions/no_such_element.html
Build info: version: &apos;3.4.0&apos;, revision: &apos;unknown&apos;, time: &apos;unknown&apos;
System info: host: &apos;wchpilsgrid03&apos;, ip: &apos;167.140.56.160&apos;, os.name: &apos;Linux&apos;, os.arch: &apos;amd64&apos;, os.version: &apos;4.4.0-96-generic&apos;, java.version: &apos;1.8.0_131&apos;
Driver info: org.openqa.selenium.chrome.ChromeDriver
Capabilities [{applicationCacheEnabled=false, rotatable=false, mobileEmulationEnabled=false, networkConnectionEnabled=false, chrome={chromedriverVersion=2.30.477691 (6ee44a7247c639c0703f291d320bdf05c1531b57), userDataDir=/tmp/.org.chromium.Chromium.n43SxC}, takesHeapSnapshot=true, pageLoadStrategy=normal, databaseEnabled=false, handlesAlerts=true, hasTouchScreen=false, version=59.0.3071.115, platform=LINUX, browserConnectionEnabled=false, nativeEvents=true, acceptSslCerts=true, locationContextEnabled=true, webStorageEnabled=true, browserName=chrome, takesScreenshot=true, javascriptEnabled=true, cssSelectorsEnabled=true, unexpectedAlertBehaviour=}]
Session ID: 79bd4d8605aef0df260a78176cf42672
*** Element info: {Using=xpath, value=//*[@class=&quot;buyBoxSelect buyBoxSelectDelivery&quot;]//*[@class=&quot;aboveLabel&quot;]}
For documentation on this error, please visit: http://seleniumhq.org/exceptions/no_such_element.html
Build info: version: &apos;3.4.0&apos;, revision: &apos;unknown&apos;, time: &apos;unknown&apos;
System info: host: &apos;QUFT12011&apos;, ip: &apos;10.14.18.72&apos;, os.name: &apos;Windows 7&apos;, os.arch: &apos;amd64&apos;, os.version: &apos;6.1&apos;, java.version: &apos;1.8.0_151&apos;
Driver info: driver.version: EventFiringWebDriver
	at org.openqa.selenium.remote.ErrorHandler.createThrowable(ErrorHandler.java:215)
	at org.openqa.selenium.remote.ErrorHandler.throwIfResponseFailed(ErrorHandler.java:167)
	at org.openqa.selenium.remote.RemoteWebDriver.execute(RemoteWebDriver.java:671)
	at org.openqa.selenium.remote.RemoteWebDriver.findElement(RemoteWebDriver.java:410)
	at org.openqa.selenium.remote.RemoteWebDriver.findElementByXPath(RemoteWebDriver.java:509)
	at org.openqa.selenium.By$ByXPath.findElement(By.java:361)
	at org.openqa.selenium.remote.RemoteWebDriver.findElement(RemoteWebDriver.java:402)
	at org.openqa.selenium.support.events.EventFiringWebDriver$2.invoke(EventFiringWebDriver.java:104)
	at com.sun.proxy.$Proxy6.findElement(Unknown Source)
	at org.openqa.selenium.support.events.EventFiringWebDriver.findElement(EventFiringWebDriver.java:188)
	at org.openqa.selenium.remote.server.handler.FindElement.call(FindElement.java:48)
	at org.openqa.selenium.remote.server.handler.FindElement.call(FindElement.java:33)
	at java.util.concurrent.FutureTask.run(FutureTask.java:266)
	at org.openqa.selenium.remote.server.DefaultSession$1.run(DefaultSession.java:176)
	at java.util.concurrent.ThreadPoolExecutor.runWorker(ThreadPoolExecutor.java:1142)
	at java.util.concurrent.ThreadPoolExecutor$Worker.run(ThreadPoolExecutor.java:617)
	... 1 more
... Removed 15 stack frames</div></td></tr></table><p class="totop"><a href="#summary">back to summary</a></p><h2>AEM_SLTV_Via_IROA_BuyBox_Elements_All_Geos_uk_chrome</h2><h3 id="m2">com.qvc.selenium.plugin.TestCase#runTestCase</h3><table class="result"><tr><th>Messages</th></tr><tr><td><div class="messages"><div class=stepevent.level.toString()>Creating driver http://qloud:4444/wd/hub Capabilities [{proxy=Proxy(manual, ftp=wchwe21.qvc.com:80, http=wchwe21.qvc.com:80, ssl=wchwe21.qvc.com:80), honorSystemProxy=true, browserName=chrome, version=, platform=LINUX}]
</div><br/><br/><div class=stepevent.level.toString()>Navigate to qa.qvcuk.com
 Test module &quot;GotoUrl&quot;
</div><br/><br/><div class=stepevent.level.toString()>Nav to QVC
 Running action GoToUrl with data {url=http://qa.qvcuk.com}
</div><br/><br/><div class=stepevent.level.toString()>If have popup window
 Running action CheckForElements on cookiesBarCloseBtn [{xpath=//*[@id=&quot;alert-cookie-info-bar&quot;]//button[@class=&quot;close&quot;]}] with data {wait=2}
</div><br/><br/><div class=stepevent.level.toString()>Close it
 Running action Click on cookiesBarCloseBtn [{xpath=//*[@id=&quot;alert-cookie-info-bar&quot;]//button[@class=&quot;close&quot;]}]
</div><br/><br/><div class=stepevent.level.toString()>Wait util the object show up to make sure we switch to correct page
 Running action WaitUntilObjectExist on divHomepage [{id=pageContent}, {xpath=//*[@id='pageContent']}]
</div><br/><br/><div class=stepevent.level.toString()>Function Elapsed Time 0 min, 5 sec
</div><br/><br/><div class=stepevent.level.toString()>Navigate to &quot;QVC UK – Watch Live&quot; page
 Test module &quot;NavToWatchTVLive&quot;
</div><br/><br/><div class=stepevent.level.toString()>Hover the &quot;Shop QVC TV&quot; menu
 Running action MouseEvent on ShopQVCTVlink [{xpath=//*[@class=&quot;shopQVCTV&quot;]/a[@aria-label=&quot;Shop QVC TV&quot;]}, {xpath=//div[@id=&quot;mastTierTwo&quot;]//a[text()=&quot;Shop QVC TV&quot;]}] with data {mouseaction=mouseover}
</div><br/><br/><div class=stepevent.level.toString()>Click &quot;Watch QVC TV&quot; link
 Running action Click on watchQVCTVLink [{xpath=//*[@class=&quot;shopTVDropDown&quot;]//*[@title=&quot;Watch QVC TV&quot;]}, {xpath=//*[@class=&quot;qvctv visible-desktop&quot;]//a[text()=&quot;Watch QVC TV&quot;]}]
</div><br/><br/><div class=stepevent.level.toString()>Wait until the object show up to make sure we are switch to correct page
 Running action WaitUntilObjectExist on TVHeader [{class=active}]
</div><br/><br/><div class=stepevent.level.toString()>Verify that we are at live channel page
 Running action ContainsText on TVHeader [{class=active}] with data {text=QVC UK – Watch Live}
</div><br/><br/><div class=stepevent.level.toString()>Function Elapsed Time 0 min, 2 sec
</div><br/><br/><div class=stepevent.level.toString()>Verify elements in the buy box of live channel
 Test module &quot;VerifyBuyBoxElements&quot;
</div><br/><br/><div class=stepevent.level.toString()>Verify the buy box layer exist
 Running action VerifyExist on buyBoxLayerIOA [{id=qProdOverlay}]
</div><br/><br/><div class=stepevent.level.toString()>Object not displayed, reload the object - buyBoxLayerIOA
</div><br/><br/><div class=stepevent.level.toString()>Object not displayed, reload the object - buyBoxLayerIOA
</div><br/><br/><div class=stepevent.level.toString()>Object not displayed, reload the object - buyBoxLayerIOA
</div><br/><br/><div class=stepevent.level.toString()>Object not displayed, reload the object - buyBoxLayerIOA
</div><br/><br/><div class=stepevent.level.toString()>Object not displayed, reload the object - buyBoxLayerIOA
</div><br/><br/><div class=stepevent.level.toString()>Locator was: {id=qProdOverlay}
</div><br/><br/><div class=stepevent.level.toString()>Verify the product name of the buy box exist
 Running action VerifyExist on IOAProductName [{xpath=//*[@id=&quot;qProdOverlay&quot;]//*[@class=&quot;productDesc&quot;]}]
</div><br/><br/><div class=stepevent.level.toString()>Locator was: {xpath=//*[@id=&quot;qProdOverlay&quot;]//*[@class=&quot;productDesc&quot;]}
</div><br/><br/><div class=stepevent.level.toString()>Store the product name
 Running action Text on IOAProductName [{xpath=//*[@id=&quot;qProdOverlay&quot;]//*[@class=&quot;productDesc&quot;]}] with data {storeas=ProductName}
</div><br/><br/><div class=stepevent.level.toString()>Locator was: {xpath=//*[@id=&quot;qProdOverlay&quot;]//*[@class=&quot;productDesc&quot;]}
</div><br/><br/><div class=stepevent.level.toString()>Report file generated: c:\seleniumframeworkplugin\testOutput\16\DetailReport\ReRun\Fail_AEM_SLTV_Via_IROA_BuyBox_Elements_All_Geos_uk_chrome.html
</div><br/></div></td></tr><tr><th>Exception</th></tr><tr><td><div class="stacktrace">org.openqa.selenium.NoSuchElementException: no such element: Unable to locate element: {&quot;method&quot;:&quot;xpath&quot;,&quot;selector&quot;:&quot;//*[@id=&quot;qProdOverlay&quot;]//*[@class=&quot;productDesc&quot;]&quot;}
  (Session info: chrome=59.0.3071.115)
  (Driver info: chromedriver=2.30.477691 (6ee44a7247c639c0703f291d320bdf05c1531b57),platform=Linux 4.4.0-96-generic x86_64) (WARNING: The server did not provide any stacktrace information)
Command duration or timeout: 31 milliseconds
For documentation on this error, please visit: http://seleniumhq.org/exceptions/no_such_element.html
Build info: version: &apos;3.4.0&apos;, revision: &apos;unknown&apos;, time: &apos;unknown&apos;
System info: host: &apos;wchpilsgrid01&apos;, ip: &apos;167.140.56.92&apos;, os.name: &apos;Linux&apos;, os.arch: &apos;amd64&apos;, os.version: &apos;4.4.0-96-generic&apos;, java.version: &apos;1.8.0_131&apos;
Driver info: org.openqa.selenium.chrome.ChromeDriver
Capabilities [{applicationCacheEnabled=false, rotatable=false, mobileEmulationEnabled=false, networkConnectionEnabled=false, chrome={chromedriverVersion=2.30.477691 (6ee44a7247c639c0703f291d320bdf05c1531b57), userDataDir=/tmp/.org.chromium.Chromium.pNVfC8}, takesHeapSnapshot=true, pageLoadStrategy=normal, databaseEnabled=false, handlesAlerts=true, hasTouchScreen=false, version=59.0.3071.115, platform=LINUX, browserConnectionEnabled=false, nativeEvents=true, acceptSslCerts=true, locationContextEnabled=true, webStorageEnabled=true, browserName=chrome, takesScreenshot=true, javascriptEnabled=true, cssSelectorsEnabled=true, unexpectedAlertBehaviour=}]
Session ID: 65d3d61d11e164d01a8b4c9b5e3895d7
*** Element info: {Using=xpath, value=//*[@id=&quot;qProdOverlay&quot;]//*[@class=&quot;productDesc&quot;]}
Command duration or timeout: 438 milliseconds
	at org.openqa.selenium.remote.ErrorHandler.createThrowable(ErrorHandler.java:215)
	at org.openqa.selenium.remote.ErrorHandler.throwIfResponseFailed(ErrorHandler.java:167)
	at org.openqa.selenium.remote.RemoteWebDriver.execute(RemoteWebDriver.java:671)
	at org.openqa.selenium.remote.RemoteWebDriver.findElement(RemoteWebDriver.java:410)
	at org.openqa.selenium.remote.RemoteWebDriver.findElementByXPath(RemoteWebDriver.java:509)
	at com.qvc.selenium.data.PageObject.findElement(PageObject.java:166)
	at com.qvc.selenium.data.PageObject.getWebElement(PageObject.java:210)
	at com.qvc.selenium.actions.BaseAction.getWebElement(BaseAction.java:154)
	at com.qvc.selenium.actions.BaseAction.getWebElement(BaseAction.java:140)
	at com.qvc.selenium.actions.TextStoreAction.runAction(TextStoreAction.java:27)
	at com.qvc.selenium.steps.TestStep.run(TestStep.java:217)
	at com.qvc.selenium.plugin.TestModule.runTestFlow(TestModule.java:92)
	at com.qvc.selenium.plugin.TestModule.runTestFlow(TestModule.java:62)
	at com.qvc.selenium.steps.FunctionTestStep.run(FunctionTestStep.java:85)
	at com.qvc.selenium.plugin.TestModule.runTestFlow(TestModule.java:92)
	at com.qvc.selenium.plugin.TestCase.runTestCase(TestCase.java:92)
	at java.util.concurrent.Executors$RunnableAdapter.call(Executors.java:511)
	at java.util.concurrent.FutureTask.run(FutureTask.java:266)
	at java.util.concurrent.ThreadPoolExecutor.runWorker(ThreadPoolExecutor.java:1149)
	at java.util.concurrent.ThreadPoolExecutor$Worker.run(ThreadPoolExecutor.java:624)
	at java.lang.Thread.run(Thread.java:748)
Caused by: org.openqa.selenium.remote.ScreenshotException: Screen shot has been taken
	at org.openqa.selenium.remote.ErrorHandler.throwIfResponseFailed(ErrorHandler.java:141)
	... 25 more
Caused by: org.openqa.selenium.NoSuchElementException: no such element: Unable to locate element: {&quot;method&quot;:&quot;xpath&quot;,&quot;selector&quot;:&quot;//*[@id=&quot;qProdOverlay&quot;]//*[@class=&quot;productDesc&quot;]&quot;}
  (Session info: chrome=59.0.3071.115)
  (Driver info: chromedriver=2.30.477691 (6ee44a7247c639c0703f291d320bdf05c1531b57),platform=Linux 4.4.0-96-generic x86_64) (WARNING: The server did not provide any stacktrace information)
Command duration or timeout: 31 milliseconds
For documentation on this error, please visit: http://seleniumhq.org/exceptions/no_such_element.html
Build info: version: &apos;3.4.0&apos;, revision: &apos;unknown&apos;, time: &apos;unknown&apos;
System info: host: &apos;wchpilsgrid01&apos;, ip: &apos;167.140.56.92&apos;, os.name: &apos;Linux&apos;, os.arch: &apos;amd64&apos;, os.version: &apos;4.4.0-96-generic&apos;, java.version: &apos;1.8.0_131&apos;
Driver info: org.openqa.selenium.chrome.ChromeDriver
Capabilities [{applicationCacheEnabled=false, rotatable=false, mobileEmulationEnabled=false, networkConnectionEnabled=false, chrome={chromedriverVersion=2.30.477691 (6ee44a7247c639c0703f291d320bdf05c1531b57), userDataDir=/tmp/.org.chromium.Chromium.pNVfC8}, takesHeapSnapshot=true, pageLoadStrategy=normal, databaseEnabled=false, handlesAlerts=true, hasTouchScreen=false, version=59.0.3071.115, platform=LINUX, browserConnectionEnabled=false, nativeEvents=true, acceptSslCerts=true, locationContextEnabled=true, webStorageEnabled=true, browserName=chrome, takesScreenshot=true, javascriptEnabled=true, cssSelectorsEnabled=true, unexpectedAlertBehaviour=}]
Session ID: 65d3d61d11e164d01a8b4c9b5e3895d7
*** Element info: {Using=xpath, value=//*[@id=&quot;qProdOverlay&quot;]//*[@class=&quot;productDesc&quot;]}
For documentation on this error, please visit: http://seleniumhq.org/exceptions/no_such_element.html
Build info: version: &apos;3.4.0&apos;, revision: &apos;unknown&apos;, time: &apos;unknown&apos;
System info: host: &apos;QUFT12011&apos;, ip: &apos;10.14.18.72&apos;, os.name: &apos;Windows 7&apos;, os.arch: &apos;amd64&apos;, os.version: &apos;6.1&apos;, java.version: &apos;1.8.0_151&apos;
Driver info: driver.version: EventFiringWebDriver
	at org.openqa.selenium.remote.ErrorHandler.createThrowable(ErrorHandler.java:215)
	at org.openqa.selenium.remote.ErrorHandler.throwIfResponseFailed(ErrorHandler.java:167)
	at org.openqa.selenium.remote.RemoteWebDriver.execute(RemoteWebDriver.java:671)
	at org.openqa.selenium.remote.RemoteWebDriver.findElement(RemoteWebDriver.java:410)
	at org.openqa.selenium.remote.RemoteWebDriver.findElementByXPath(RemoteWebDriver.java:509)
	at org.openqa.selenium.By$ByXPath.findElement(By.java:361)
	at org.openqa.selenium.remote.RemoteWebDriver.findElement(RemoteWebDriver.java:402)
	at org.openqa.selenium.support.events.EventFiringWebDriver$2.invoke(EventFiringWebDriver.java:104)
	at com.sun.proxy.$Proxy6.findElement(Unknown Source)
	at org.openqa.selenium.support.events.EventFiringWebDriver.findElement(EventFiringWebDriver.java:188)
	at org.openqa.selenium.remote.server.handler.FindElement.call(FindElement.java:48)
	at org.openqa.selenium.remote.server.handler.FindElement.call(FindElement.java:33)
	at java.util.concurrent.FutureTask.run(FutureTask.java:266)
	at org.openqa.selenium.remote.server.DefaultSession$1.run(DefaultSession.java:176)
	at java.util.concurrent.ThreadPoolExecutor.runWorker(ThreadPoolExecutor.java:1142)
	at java.util.concurrent.ThreadPoolExecutor$Worker.run(ThreadPoolExecutor.java:617)
	... 1 more
... Removed 15 stack frames</div></td></tr></table><p class="totop"><a href="#summary">back to summary</a></p><h2>AEM_SLTV_BuyBox_Shop_Now_Speedbuy_All_Geos_uk_chrome</h2><h3 id="m3">com.qvc.selenium.plugin.TestCase#runTestCase</h3><table class="result"><tr><th>Messages</th></tr><tr><td><div class="messages"><div class=stepevent.level.toString()>Creating driver http://qloud:4444/wd/hub Capabilities [{proxy=Proxy(manual, ftp=wchwe21.qvc.com:80, http=wchwe21.qvc.com:80, ssl=wchwe21.qvc.com:80), honorSystemProxy=true, browserName=chrome, version=, platform=LINUX}]
</div><br/><br/><div class=stepevent.level.toString()>Navigate to qa.qvcuk.com
 Test module &quot;GotoUrl&quot;
</div><br/><br/><div class=stepevent.level.toString()>Nav to QVC
 Running action GoToUrl with data {url=http://qa.qvcuk.com}
</div><br/><br/><div class=stepevent.level.toString()>If have popup window
 Running action CheckForElements on cookiesBarCloseBtn [{xpath=//*[@id=&quot;alert-cookie-info-bar&quot;]//button[@class=&quot;close&quot;]}] with data {wait=2}
</div><br/><br/><div class=stepevent.level.toString()>Close it
 Running action Click on cookiesBarCloseBtn [{xpath=//*[@id=&quot;alert-cookie-info-bar&quot;]//button[@class=&quot;close&quot;]}]
</div><br/><br/><div class=stepevent.level.toString()>Wait util the object show up to make sure we switch to correct page
 Running action WaitUntilObjectExist on divHomepage [{id=pageContent}, {xpath=//*[@id='pageContent']}]
</div><br/><br/><div class=stepevent.level.toString()>Function Elapsed Time 0 min, 5 sec
</div><br/><br/><div class=stepevent.level.toString()>Navigate to &quot;QVC UK – Watch Live&quot; page
 Test module &quot;NavToWatchTVLive&quot;
</div><br/><br/><div class=stepevent.level.toString()>Hover the &quot;Shop QVC TV&quot; menu
 Running action MouseEvent on ShopQVCTVlink [{xpath=//*[@class=&quot;shopQVCTV&quot;]/a[@aria-label=&quot;Shop QVC TV&quot;]}, {xpath=//div[@id=&quot;mastTierTwo&quot;]//a[text()=&quot;Shop QVC TV&quot;]}] with data {mouseaction=mouseover}
</div><br/><br/><div class=stepevent.level.toString()>Click &quot;Watch QVC TV&quot; link
 Running action Click on watchQVCTVLink [{xpath=//*[@class=&quot;shopTVDropDown&quot;]//*[@title=&quot;Watch QVC TV&quot;]}, {xpath=//*[@class=&quot;qvctv visible-desktop&quot;]//a[text()=&quot;Watch QVC TV&quot;]}]
</div><br/><br/><div class=stepevent.level.toString()>Wait until the object show up to make sure we are switch to correct page
 Running action WaitUntilObjectExist on TVHeader [{class=active}]
</div><br/><br/><div class=stepevent.level.toString()>Verify that we are at live channel page
 Running action ContainsText on TVHeader [{class=active}] with data {text=QVC UK – Watch Live}
</div><br/><br/><div class=stepevent.level.toString()>Function Elapsed Time 0 min, 2 sec
</div><br/><br/><div class=stepevent.level.toString()>Verify elements in the buy box of live channel
 Test module &quot;VerifyBuyBoxElements&quot;
</div><br/><br/><div class=stepevent.level.toString()>Verify the buy box layer exist
 Running action VerifyExist on buyBoxLayerIOA [{id=qProdOverlay}]
</div><br/><br/><div class=stepevent.level.toString()>Object not displayed, reload the object - buyBoxLayerIOA
</div><br/><br/><div class=stepevent.level.toString()>Object not displayed, reload the object - buyBoxLayerIOA
</div><br/><br/><div class=stepevent.level.toString()>Object not displayed, reload the object - buyBoxLayerIOA
</div><br/><br/><div class=stepevent.level.toString()>Object not displayed, reload the object - buyBoxLayerIOA
</div><br/><br/><div class=stepevent.level.toString()>Object not displayed, reload the object - buyBoxLayerIOA
</div><br/><br/><div class=stepevent.level.toString()>Locator was: {id=qProdOverlay}
</div><br/><br/><div class=stepevent.level.toString()>Verify the product name of the buy box exist
 Running action VerifyExist on IOAProductName [{xpath=//*[@id=&quot;qProdOverlay&quot;]//*[@class=&quot;productDesc&quot;]}]
</div><br/><br/><div class=stepevent.level.toString()>Locator was: {xpath=//*[@id=&quot;qProdOverlay&quot;]//*[@class=&quot;productDesc&quot;]}
</div><br/><br/><div class=stepevent.level.toString()>Store the product name
 Running action Text on IOAProductName [{xpath=//*[@id=&quot;qProdOverlay&quot;]//*[@class=&quot;productDesc&quot;]}] with data {storeas=ProductName}
</div><br/><br/><div class=stepevent.level.toString()>Locator was: {xpath=//*[@id=&quot;qProdOverlay&quot;]//*[@class=&quot;productDesc&quot;]}
</div><br/><br/><div class=stepevent.level.toString()>Report file generated: c:\seleniumframeworkplugin\testOutput\16\DetailReport\ReRun\Fail_AEM_SLTV_BuyBox_Shop_Now_Speedbuy_All_Geos_uk_chrome.html
</div><br/></div></td></tr><tr><th>Exception</th></tr><tr><td><div class="stacktrace">org.openqa.selenium.NoSuchElementException: no such element: Unable to locate element: {&quot;method&quot;:&quot;xpath&quot;,&quot;selector&quot;:&quot;//*[@id=&quot;qProdOverlay&quot;]//*[@class=&quot;productDesc&quot;]&quot;}
  (Session info: chrome=59.0.3071.115)
  (Driver info: chromedriver=2.30.477691 (6ee44a7247c639c0703f291d320bdf05c1531b57),platform=Linux 4.4.0-96-generic x86_64) (WARNING: The server did not provide any stacktrace information)
Command duration or timeout: 28 milliseconds
For documentation on this error, please visit: http://seleniumhq.org/exceptions/no_such_element.html
Build info: version: &apos;3.4.0&apos;, revision: &apos;unknown&apos;, time: &apos;unknown&apos;
System info: host: &apos;wchpilsgrid04&apos;, ip: &apos;167.140.56.169&apos;, os.name: &apos;Linux&apos;, os.arch: &apos;amd64&apos;, os.version: &apos;4.4.0-96-generic&apos;, java.version: &apos;1.8.0_131&apos;
Driver info: org.openqa.selenium.chrome.ChromeDriver
Capabilities [{applicationCacheEnabled=false, rotatable=false, mobileEmulationEnabled=false, networkConnectionEnabled=false, chrome={chromedriverVersion=2.30.477691 (6ee44a7247c639c0703f291d320bdf05c1531b57), userDataDir=/tmp/.org.chromium.Chromium.i51CsN}, takesHeapSnapshot=true, pageLoadStrategy=normal, databaseEnabled=false, handlesAlerts=true, hasTouchScreen=false, version=59.0.3071.115, platform=LINUX, browserConnectionEnabled=false, nativeEvents=true, acceptSslCerts=true, locationContextEnabled=true, webStorageEnabled=true, browserName=chrome, takesScreenshot=true, javascriptEnabled=true, cssSelectorsEnabled=true, unexpectedAlertBehaviour=}]
Session ID: bf62232aee2429541d218cd5830e5ba0
*** Element info: {Using=xpath, value=//*[@id=&quot;qProdOverlay&quot;]//*[@class=&quot;productDesc&quot;]}
Command duration or timeout: 431 milliseconds
	at org.openqa.selenium.remote.ErrorHandler.createThrowable(ErrorHandler.java:215)
	at org.openqa.selenium.remote.ErrorHandler.throwIfResponseFailed(ErrorHandler.java:167)
	at org.openqa.selenium.remote.RemoteWebDriver.execute(RemoteWebDriver.java:671)
	at org.openqa.selenium.remote.RemoteWebDriver.findElement(RemoteWebDriver.java:410)
	at org.openqa.selenium.remote.RemoteWebDriver.findElementByXPath(RemoteWebDriver.java:509)
	at com.qvc.selenium.data.PageObject.findElement(PageObject.java:166)
	at com.qvc.selenium.data.PageObject.getWebElement(PageObject.java:210)
	at com.qvc.selenium.actions.BaseAction.getWebElement(BaseAction.java:154)
	at com.qvc.selenium.actions.BaseAction.getWebElement(BaseAction.java:140)
	at com.qvc.selenium.actions.TextStoreAction.runAction(TextStoreAction.java:27)
	at com.qvc.selenium.steps.TestStep.run(TestStep.java:217)
	at com.qvc.selenium.plugin.TestModule.runTestFlow(TestModule.java:92)
	at com.qvc.selenium.plugin.TestModule.runTestFlow(TestModule.java:62)
	at com.qvc.selenium.steps.FunctionTestStep.run(FunctionTestStep.java:85)
	at com.qvc.selenium.plugin.TestModule.runTestFlow(TestModule.java:92)
	at com.qvc.selenium.plugin.TestCase.runTestCase(TestCase.java:92)
	at java.util.concurrent.Executors$RunnableAdapter.call(Executors.java:511)
	at java.util.concurrent.FutureTask.run(FutureTask.java:266)
	at java.util.concurrent.ThreadPoolExecutor.runWorker(ThreadPoolExecutor.java:1149)
	at java.util.concurrent.ThreadPoolExecutor$Worker.run(ThreadPoolExecutor.java:624)
	at java.lang.Thread.run(Thread.java:748)
Caused by: org.openqa.selenium.remote.ScreenshotException: Screen shot has been taken
	at org.openqa.selenium.remote.ErrorHandler.throwIfResponseFailed(ErrorHandler.java:141)
	... 25 more
Caused by: org.openqa.selenium.NoSuchElementException: no such element: Unable to locate element: {&quot;method&quot;:&quot;xpath&quot;,&quot;selector&quot;:&quot;//*[@id=&quot;qProdOverlay&quot;]//*[@class=&quot;productDesc&quot;]&quot;}
  (Session info: chrome=59.0.3071.115)
  (Driver info: chromedriver=2.30.477691 (6ee44a7247c639c0703f291d320bdf05c1531b57),platform=Linux 4.4.0-96-generic x86_64) (WARNING: The server did not provide any stacktrace information)
Command duration or timeout: 28 milliseconds
For documentation on this error, please visit: http://seleniumhq.org/exceptions/no_such_element.html
Build info: version: &apos;3.4.0&apos;, revision: &apos;unknown&apos;, time: &apos;unknown&apos;
System info: host: &apos;wchpilsgrid04&apos;, ip: &apos;167.140.56.169&apos;, os.name: &apos;Linux&apos;, os.arch: &apos;amd64&apos;, os.version: &apos;4.4.0-96-generic&apos;, java.version: &apos;1.8.0_131&apos;
Driver info: org.openqa.selenium.chrome.ChromeDriver
Capabilities [{applicationCacheEnabled=false, rotatable=false, mobileEmulationEnabled=false, networkConnectionEnabled=false, chrome={chromedriverVersion=2.30.477691 (6ee44a7247c639c0703f291d320bdf05c1531b57), userDataDir=/tmp/.org.chromium.Chromium.i51CsN}, takesHeapSnapshot=true, pageLoadStrategy=normal, databaseEnabled=false, handlesAlerts=true, hasTouchScreen=false, version=59.0.3071.115, platform=LINUX, browserConnectionEnabled=false, nativeEvents=true, acceptSslCerts=true, locationContextEnabled=true, webStorageEnabled=true, browserName=chrome, takesScreenshot=true, javascriptEnabled=true, cssSelectorsEnabled=true, unexpectedAlertBehaviour=}]
Session ID: bf62232aee2429541d218cd5830e5ba0
*** Element info: {Using=xpath, value=//*[@id=&quot;qProdOverlay&quot;]//*[@class=&quot;productDesc&quot;]}
For documentation on this error, please visit: http://seleniumhq.org/exceptions/no_such_element.html
Build info: version: &apos;3.4.0&apos;, revision: &apos;unknown&apos;, time: &apos;unknown&apos;
System info: host: &apos;QUFT12011&apos;, ip: &apos;10.14.18.72&apos;, os.name: &apos;Windows 7&apos;, os.arch: &apos;amd64&apos;, os.version: &apos;6.1&apos;, java.version: &apos;1.8.0_151&apos;
Driver info: driver.version: EventFiringWebDriver
	at org.openqa.selenium.remote.ErrorHandler.createThrowable(ErrorHandler.java:215)
	at org.openqa.selenium.remote.ErrorHandler.throwIfResponseFailed(ErrorHandler.java:167)
	at org.openqa.selenium.remote.RemoteWebDriver.execute(RemoteWebDriver.java:671)
	at org.openqa.selenium.remote.RemoteWebDriver.findElement(RemoteWebDriver.java:410)
	at org.openqa.selenium.remote.RemoteWebDriver.findElementByXPath(RemoteWebDriver.java:509)
	at org.openqa.selenium.By$ByXPath.findElement(By.java:361)
	at org.openqa.selenium.remote.RemoteWebDriver.findElement(RemoteWebDriver.java:402)
	at org.openqa.selenium.support.events.EventFiringWebDriver$2.invoke(EventFiringWebDriver.java:104)
	at com.sun.proxy.$Proxy6.findElement(Unknown Source)
	at org.openqa.selenium.support.events.EventFiringWebDriver.findElement(EventFiringWebDriver.java:188)
	at org.openqa.selenium.remote.server.handler.FindElement.call(FindElement.java:48)
	at org.openqa.selenium.remote.server.handler.FindElement.call(FindElement.java:33)
	at java.util.concurrent.FutureTask.run(FutureTask.java:266)
	at org.openqa.selenium.remote.server.DefaultSession$1.run(DefaultSession.java:176)
	at java.util.concurrent.ThreadPoolExecutor.runWorker(ThreadPoolExecutor.java:1142)
	at java.util.concurrent.ThreadPoolExecutor$Worker.run(ThreadPoolExecutor.java:617)
	... 1 more
... Removed 15 stack frames</div></td></tr></table><p class="totop"><a href="#summary">back to summary</a></p><h2>AEM_SLTV_BuyBox_Shop_Now_AddToCart_All_Geos_uk_chrome</h2><h3 id="m4">com.qvc.selenium.plugin.TestCase#runTestCase</h3><table class="result"><tr><th>Messages</th></tr><tr><td><div class="messages"><div class=stepevent.level.toString()>Creating driver http://qloud:4444/wd/hub Capabilities [{proxy=Proxy(manual, ftp=wchwe21.qvc.com:80, http=wchwe21.qvc.com:80, ssl=wchwe21.qvc.com:80), honorSystemProxy=true, browserName=chrome, version=, platform=LINUX}]
</div><br/><br/><div class=stepevent.level.toString()>Navigate to qa.qvcuk.com
 Test module &quot;GotoUrl&quot;
</div><br/><br/><div class=stepevent.level.toString()>Nav to QVC
 Running action GoToUrl with data {url=http://qa.qvcuk.com}
</div><br/><br/><div class=stepevent.level.toString()>If have popup window
 Running action CheckForElements on cookiesBarCloseBtn [{xpath=//*[@id=&quot;alert-cookie-info-bar&quot;]//button[@class=&quot;close&quot;]}] with data {wait=2}
</div><br/><br/><div class=stepevent.level.toString()>Close it
 Running action Click on cookiesBarCloseBtn [{xpath=//*[@id=&quot;alert-cookie-info-bar&quot;]//button[@class=&quot;close&quot;]}]
</div><br/><br/><div class=stepevent.level.toString()>Wait util the object show up to make sure we switch to correct page
 Running action WaitUntilObjectExist on divHomepage [{id=pageContent}, {xpath=//*[@id='pageContent']}]
</div><br/><br/><div class=stepevent.level.toString()>Function Elapsed Time 0 min, 5 sec
</div><br/><br/><div class=stepevent.level.toString()>Navigate to watch tv live
 Test module &quot;NavToWatchTVLive&quot;
</div><br/><br/><div class=stepevent.level.toString()>Hover the &quot;Shop QVC TV&quot; menu
 Running action MouseEvent on ShopQVCTVlink [{xpath=//*[@class=&quot;shopQVCTV&quot;]/a[@aria-label=&quot;Shop QVC TV&quot;]}, {xpath=//div[@id=&quot;mastTierTwo&quot;]//a[text()=&quot;Shop QVC TV&quot;]}] with data {mouseaction=mouseover}
</div><br/><br/><div class=stepevent.level.toString()>Click &quot;Watch QVC TV&quot; link
 Running action Click on watchQVCTVLink [{xpath=//*[@class=&quot;shopTVDropDown&quot;]//*[@title=&quot;Watch QVC TV&quot;]}, {xpath=//*[@class=&quot;qvctv visible-desktop&quot;]//a[text()=&quot;Watch QVC TV&quot;]}]
</div><br/><br/><div class=stepevent.level.toString()>Wait until the object show up to make sure we are switch to correct page
 Running action WaitUntilObjectExist on TVHeader [{class=active}]
</div><br/><br/><div class=stepevent.level.toString()>Verify that we are at live channel page
 Running action ContainsText on TVHeader [{class=active}] with data {text=QVC UK – Watch Live}
</div><br/><br/><div class=stepevent.level.toString()>Function Elapsed Time 0 min, 2 sec
</div><br/><br/><div class=stepevent.level.toString()>Verify the elements in the buy box in the live channel
 Test module &quot;VerifyBuyBoxElements&quot;
</div><br/><br/><div class=stepevent.level.toString()>Verify the buy box layer exist
 Running action VerifyExist on buyBoxLayerIOA [{id=qProdOverlay}]
</div><br/><br/><div class=stepevent.level.toString()>Object not displayed, reload the object - buyBoxLayerIOA
</div><br/><br/><div class=stepevent.level.toString()>Object not displayed, reload the object - buyBoxLayerIOA
</div><br/><br/><div class=stepevent.level.toString()>Object not displayed, reload the object - buyBoxLayerIOA
</div><br/><br/><div class=stepevent.level.toString()>Object not displayed, reload the object - buyBoxLayerIOA
</div><br/><br/><div class=stepevent.level.toString()>Object not displayed, reload the object - buyBoxLayerIOA
</div><br/><br/><div class=stepevent.level.toString()>Locator was: {xpath=//*[@id=&quot;qProdOverlay&quot;]//*[@class=&quot;productDesc&quot;]}
</div><br/><br/><div class=stepevent.level.toString()>Verify the product name of the buy box exist
 Running action VerifyExist on IOAProductName [{xpath=//*[@id=&quot;qProdOverlay&quot;]//*[@class=&quot;productDesc&quot;]}]
</div><br/><br/><div class=stepevent.level.toString()>Locator was: {xpath=//*[@id=&quot;qProdOverlay&quot;]//*[@class=&quot;productDesc&quot;]}
</div><br/><br/><div class=stepevent.level.toString()>Store the product name
 Running action Text on IOAProductName [{xpath=//*[@id=&quot;qProdOverlay&quot;]//*[@class=&quot;productDesc&quot;]}] with data {storeas=ProductName}
</div><br/><br/><div class=stepevent.level.toString()>Locator was: {xpath=//*[@id=&quot;qProdOverlay&quot;]//*[@class=&quot;productDesc&quot;]}
</div><br/><br/><div class=stepevent.level.toString()>Report file generated: c:\seleniumframeworkplugin\testOutput\16\DetailReport\ReRun\Fail_AEM_SLTV_BuyBox_Shop_Now_AddToCart_All_Geos_uk_chrome.html
</div><br/></div></td></tr><tr><th>Exception</th></tr><tr><td><div class="stacktrace">org.openqa.selenium.NoSuchElementException: no such element: Unable to locate element: {&quot;method&quot;:&quot;xpath&quot;,&quot;selector&quot;:&quot;//*[@id=&quot;qProdOverlay&quot;]//*[@class=&quot;productDesc&quot;]&quot;}
  (Session info: chrome=59.0.3071.115)
  (Driver info: chromedriver=2.30.477691 (6ee44a7247c639c0703f291d320bdf05c1531b57),platform=Linux 4.4.0-96-generic x86_64) (WARNING: The server did not provide any stacktrace information)
Command duration or timeout: 24 milliseconds
For documentation on this error, please visit: http://seleniumhq.org/exceptions/no_such_element.html
Build info: version: &apos;3.4.0&apos;, revision: &apos;unknown&apos;, time: &apos;unknown&apos;
System info: host: &apos;wchpilsgrid03&apos;, ip: &apos;167.140.56.160&apos;, os.name: &apos;Linux&apos;, os.arch: &apos;amd64&apos;, os.version: &apos;4.4.0-96-generic&apos;, java.version: &apos;1.8.0_131&apos;
Driver info: org.openqa.selenium.chrome.ChromeDriver
Capabilities [{applicationCacheEnabled=false, rotatable=false, mobileEmulationEnabled=false, networkConnectionEnabled=false, chrome={chromedriverVersion=2.30.477691 (6ee44a7247c639c0703f291d320bdf05c1531b57), userDataDir=/tmp/.org.chromium.Chromium.lyOQZC}, takesHeapSnapshot=true, pageLoadStrategy=normal, databaseEnabled=false, handlesAlerts=true, hasTouchScreen=false, version=59.0.3071.115, platform=LINUX, browserConnectionEnabled=false, nativeEvents=true, acceptSslCerts=true, locationContextEnabled=true, webStorageEnabled=true, browserName=chrome, takesScreenshot=true, javascriptEnabled=true, cssSelectorsEnabled=true, unexpectedAlertBehaviour=}]
Session ID: c4e27d7a16f322dc38ba113eeb0e820b
*** Element info: {Using=xpath, value=//*[@id=&quot;qProdOverlay&quot;]//*[@class=&quot;productDesc&quot;]}
Command duration or timeout: 429 milliseconds
	at org.openqa.selenium.remote.ErrorHandler.createThrowable(ErrorHandler.java:215)
	at org.openqa.selenium.remote.ErrorHandler.throwIfResponseFailed(ErrorHandler.java:167)
	at org.openqa.selenium.remote.RemoteWebDriver.execute(RemoteWebDriver.java:671)
	at org.openqa.selenium.remote.RemoteWebDriver.findElement(RemoteWebDriver.java:410)
	at org.openqa.selenium.remote.RemoteWebDriver.findElementByXPath(RemoteWebDriver.java:509)
	at com.qvc.selenium.data.PageObject.findElement(PageObject.java:166)
	at com.qvc.selenium.data.PageObject.getWebElement(PageObject.java:210)
	at com.qvc.selenium.actions.BaseAction.getWebElement(BaseAction.java:154)
	at com.qvc.selenium.actions.BaseAction.getWebElement(BaseAction.java:140)
	at com.qvc.selenium.actions.TextStoreAction.runAction(TextStoreAction.java:27)
	at com.qvc.selenium.steps.TestStep.run(TestStep.java:217)
	at com.qvc.selenium.plugin.TestModule.runTestFlow(TestModule.java:92)
	at com.qvc.selenium.plugin.TestModule.runTestFlow(TestModule.java:62)
	at com.qvc.selenium.steps.FunctionTestStep.run(FunctionTestStep.java:85)
	at com.qvc.selenium.plugin.TestModule.runTestFlow(TestModule.java:92)
	at com.qvc.selenium.plugin.TestCase.runTestCase(TestCase.java:92)
	at java.util.concurrent.Executors$RunnableAdapter.call(Executors.java:511)
	at java.util.concurrent.FutureTask.run(FutureTask.java:266)
	at java.util.concurrent.ThreadPoolExecutor.runWorker(ThreadPoolExecutor.java:1149)
	at java.util.concurrent.ThreadPoolExecutor$Worker.run(ThreadPoolExecutor.java:624)
	at java.lang.Thread.run(Thread.java:748)
Caused by: org.openqa.selenium.remote.ScreenshotException: Screen shot has been taken
	at org.openqa.selenium.remote.ErrorHandler.throwIfResponseFailed(ErrorHandler.java:141)
	... 25 more
Caused by: org.openqa.selenium.NoSuchElementException: no such element: Unable to locate element: {&quot;method&quot;:&quot;xpath&quot;,&quot;selector&quot;:&quot;//*[@id=&quot;qProdOverlay&quot;]//*[@class=&quot;productDesc&quot;]&quot;}
  (Session info: chrome=59.0.3071.115)
  (Driver info: chromedriver=2.30.477691 (6ee44a7247c639c0703f291d320bdf05c1531b57),platform=Linux 4.4.0-96-generic x86_64) (WARNING: The server did not provide any stacktrace information)
Command duration or timeout: 24 milliseconds
For documentation on this error, please visit: http://seleniumhq.org/exceptions/no_such_element.html
Build info: version: &apos;3.4.0&apos;, revision: &apos;unknown&apos;, time: &apos;unknown&apos;
System info: host: &apos;wchpilsgrid03&apos;, ip: &apos;167.140.56.160&apos;, os.name: &apos;Linux&apos;, os.arch: &apos;amd64&apos;, os.version: &apos;4.4.0-96-generic&apos;, java.version: &apos;1.8.0_131&apos;
Driver info: org.openqa.selenium.chrome.ChromeDriver
Capabilities [{applicationCacheEnabled=false, rotatable=false, mobileEmulationEnabled=false, networkConnectionEnabled=false, chrome={chromedriverVersion=2.30.477691 (6ee44a7247c639c0703f291d320bdf05c1531b57), userDataDir=/tmp/.org.chromium.Chromium.lyOQZC}, takesHeapSnapshot=true, pageLoadStrategy=normal, databaseEnabled=false, handlesAlerts=true, hasTouchScreen=false, version=59.0.3071.115, platform=LINUX, browserConnectionEnabled=false, nativeEvents=true, acceptSslCerts=true, locationContextEnabled=true, webStorageEnabled=true, browserName=chrome, takesScreenshot=true, javascriptEnabled=true, cssSelectorsEnabled=true, unexpectedAlertBehaviour=}]
Session ID: c4e27d7a16f322dc38ba113eeb0e820b
*** Element info: {Using=xpath, value=//*[@id=&quot;qProdOverlay&quot;]//*[@class=&quot;productDesc&quot;]}
For documentation on this error, please visit: http://seleniumhq.org/exceptions/no_such_element.html
Build info: version: &apos;3.4.0&apos;, revision: &apos;unknown&apos;, time: &apos;unknown&apos;
System info: host: &apos;QUFT12011&apos;, ip: &apos;10.14.18.72&apos;, os.name: &apos;Windows 7&apos;, os.arch: &apos;amd64&apos;, os.version: &apos;6.1&apos;, java.version: &apos;1.8.0_151&apos;
Driver info: driver.version: EventFiringWebDriver
	at org.openqa.selenium.remote.ErrorHandler.createThrowable(ErrorHandler.java:215)
	at org.openqa.selenium.remote.ErrorHandler.throwIfResponseFailed(ErrorHandler.java:167)
	at org.openqa.selenium.remote.RemoteWebDriver.execute(RemoteWebDriver.java:671)
	at org.openqa.selenium.remote.RemoteWebDriver.findElement(RemoteWebDriver.java:410)
	at org.openqa.selenium.remote.RemoteWebDriver.findElementByXPath(RemoteWebDriver.java:509)
	at org.openqa.selenium.By$ByXPath.findElement(By.java:361)
	at org.openqa.selenium.remote.RemoteWebDriver.findElement(RemoteWebDriver.java:402)
	at org.openqa.selenium.support.events.EventFiringWebDriver$2.invoke(EventFiringWebDriver.java:104)
	at com.sun.proxy.$Proxy6.findElement(Unknown Source)
	at org.openqa.selenium.support.events.EventFiringWebDriver.findElement(EventFiringWebDriver.java:188)
	at org.openqa.selenium.remote.server.handler.FindElement.call(FindElement.java:48)
	at org.openqa.selenium.remote.server.handler.FindElement.call(FindElement.java:33)
	at java.util.concurrent.FutureTask.run(FutureTask.java:266)
	at org.openqa.selenium.remote.server.DefaultSession$1.run(DefaultSession.java:176)
	at java.util.concurrent.ThreadPoolExecutor.runWorker(ThreadPoolExecutor.java:1142)
	at java.util.concurrent.ThreadPoolExecutor$Worker.run(ThreadPoolExecutor.java:617)
	... 1 more
... Removed 15 stack frames</div></td></tr></table><p class="totop"><a href="#summary">back to summary</a></p><h2>AEM_SLTV_IROA_Carousel_UK&amp;DE_uk_chrome</h2><h3 id="m5">com.qvc.selenium.plugin.TestCase#runTestCase</h3><table class="result"><tr><th>Messages</th></tr><tr><td><div class="messages"><div class=stepevent.level.toString()>Creating driver http://qloud:4444/wd/hub Capabilities [{proxy=Proxy(manual, ftp=wchwe21.qvc.com:80, http=wchwe21.qvc.com:80, ssl=wchwe21.qvc.com:80), honorSystemProxy=true, browserName=chrome, version=, platform=LINUX}]
</div><br/><br/><div class=stepevent.level.toString()>Navigate to QVC
 Test module &quot;GotoUrl&quot;
</div><br/><br/><div class=stepevent.level.toString()>Nav to QVC
 Running action GoToUrl with data {url=http://qa.qvcuk.com}
</div><br/><br/><div class=stepevent.level.toString()>If have popup window
 Running action CheckForElements on cookiesBarCloseBtn [{xpath=//*[@id=&quot;alert-cookie-info-bar&quot;]//button[@class=&quot;close&quot;]}] with data {wait=2}
</div><br/><br/><div class=stepevent.level.toString()>Close it
 Running action Click on cookiesBarCloseBtn [{xpath=//*[@id=&quot;alert-cookie-info-bar&quot;]//button[@class=&quot;close&quot;]}]
</div><br/><br/><div class=stepevent.level.toString()>Wait util the object show up to make sure we switch to correct page
 Running action WaitUntilObjectExist on divHomepage [{id=pageContent}, {xpath=//*[@id='pageContent']}]
</div><br/><br/><div class=stepevent.level.toString()>Function Elapsed Time 0 min, 5 sec
</div><br/><br/><div class=stepevent.level.toString()>Navigate to watch tv live
 Test module &quot;NavToWatchTVLive&quot;
</div><br/><br/><div class=stepevent.level.toString()>Hover the &quot;Shop QVC TV&quot; menu
 Running action MouseEvent on ShopQVCTVlink [{xpath=//*[@class=&quot;shopQVCTV&quot;]/a[@aria-label=&quot;Shop QVC TV&quot;]}, {xpath=//div[@id=&quot;mastTierTwo&quot;]//a[text()=&quot;Shop QVC TV&quot;]}] with data {mouseaction=mouseover}
</div><br/><br/><div class=stepevent.level.toString()>Click &quot;Watch QVC TV&quot; link
 Running action Click on watchQVCTVLink [{xpath=//*[@class=&quot;shopTVDropDown&quot;]//*[@title=&quot;Watch QVC TV&quot;]}, {xpath=//*[@class=&quot;qvctv visible-desktop&quot;]//a[text()=&quot;Watch QVC TV&quot;]}]
</div><br/><br/><div class=stepevent.level.toString()>Wait until the object show up to make sure we are switch to correct page
 Running action WaitUntilObjectExist on TVHeader [{class=active}]
</div><br/><br/><div class=stepevent.level.toString()>Verify that we are at live channel page
 Running action ContainsText on TVHeader [{class=active}] with data {text=QVC UK – Watch Live}
</div><br/><br/><div class=stepevent.level.toString()>Function Elapsed Time 0 min, 2 sec
</div><br/><br/><div class=stepevent.level.toString()>Select live channel
 Test module &quot;SelectLiveChannel&quot;
</div><br/><br/><div class=stepevent.level.toString()>Verify the channel selector exist
 Running action VerifyExist on channelSelector [{id=ssmplive_html5_api}]
</div><br/><br/><div class=stepevent.level.toString()>Verify the &quot;LIVE Channel&quot; exist
 Running action ContainsText on liveChannelLink [{xpath=//*[@id=&quot;liveTvChannelMenu&quot;]//a[@data-channelname=&quot;LIVE&quot;]}] with data {text=LIVE}
</div><br/><br/><div class=stepevent.level.toString()>Select the &quot;LIVE Channel&quot;
 Running action Click on liveChannelLink [{xpath=//*[@id=&quot;liveTvChannelMenu&quot;]//a[@data-channelname=&quot;LIVE&quot;]}]
</div><br/><br/><div class=stepevent.level.toString()>Wait until object exist
 Running action WaitUntilObjectExist on IROACarouselItem1th [{xpath=//*[@class=&quot;shopLiveTvIroaItem col-tn-6 col-xs-6 col-sm-4 col-md-3&quot;][1]}] with data {wait=3}
</div><br/><br/><div class=stepevent.level.toString()>Verify the &quot;LIVE Channel&quot;  is active
 Running action ContainsText on activeState [{xpath=//*[@id=&quot;liveTvChannelMenu&quot;]//*[@class=&quot;btn btn-default activeChannel&quot;]}] with data {text=LIVE}
</div><br/><br/><div class=stepevent.level.toString()>Function Elapsed Time 0 min, 4 sec
</div><br/><br/><div class=stepevent.level.toString()>Verify IOA Buy box
 Test module &quot;VerifyBuyBoxElements&quot;
</div><br/><br/><div class=stepevent.level.toString()>Verify the buy box layer exist
 Running action VerifyExist on buyBoxLayerIOA [{id=qProdOverlay}]
</div><br/><br/><div class=stepevent.level.toString()>Object not displayed, reload the object - buyBoxLayerIOA
</div><br/><br/><div class=stepevent.level.toString()>Object not displayed, reload the object - buyBoxLayerIOA
</div><br/><br/><div class=stepevent.level.toString()>Object not displayed, reload the object - buyBoxLayerIOA
</div><br/><br/><div class=stepevent.level.toString()>Object not displayed, reload the object - buyBoxLayerIOA
</div><br/><br/><div class=stepevent.level.toString()>Object not displayed, reload the object - buyBoxLayerIOA
</div><br/><br/><div class=stepevent.level.toString()>Locator was: {xpath=//*[@id=&quot;qProdOverlay&quot;]//*[@class=&quot;productDesc&quot;]}
</div><br/><br/><div class=stepevent.level.toString()>Verify the product name of the buy box exist
 Running action VerifyExist on IOAProductName [{xpath=//*[@id=&quot;qProdOverlay&quot;]//*[@class=&quot;productDesc&quot;]}]
</div><br/><br/><div class=stepevent.level.toString()>Locator was: {xpath=//*[@id=&quot;qProdOverlay&quot;]//*[@class=&quot;productDesc&quot;]}
</div><br/><br/><div class=stepevent.level.toString()>Store the product name
 Running action Text on IOAProductName [{xpath=//*[@id=&quot;qProdOverlay&quot;]//*[@class=&quot;productDesc&quot;]}] with data {storeas=ProductName}
</div><br/><br/><div class=stepevent.level.toString()>Locator was: {xpath=//*[@id=&quot;qProdOverlay&quot;]//*[@class=&quot;productDesc&quot;]}
</div><br/><br/><div class=stepevent.level.toString()>Report file generated: c:\seleniumframeworkplugin\testOutput\16\DetailReport\ReRun\Fail_AEM_SLTV_IROA_Carousel_UK&amp;DE_uk_chrome.html
</div><br/></div></td></tr><tr><th>Exception</th></tr><tr><td><div class="stacktrace">org.openqa.selenium.NoSuchElementException: no such element: Unable to locate element: {&quot;method&quot;:&quot;xpath&quot;,&quot;selector&quot;:&quot;//*[@id=&quot;qProdOverlay&quot;]//*[@class=&quot;productDesc&quot;]&quot;}
  (Session info: chrome=59.0.3071.115)
  (Driver info: chromedriver=2.30.477691 (6ee44a7247c639c0703f291d320bdf05c1531b57),platform=Linux 4.4.0-96-generic x86_64) (WARNING: The server did not provide any stacktrace information)
Command duration or timeout: 22 milliseconds
For documentation on this error, please visit: http://seleniumhq.org/exceptions/no_such_element.html
Build info: version: &apos;3.4.0&apos;, revision: &apos;unknown&apos;, time: &apos;unknown&apos;
System info: host: &apos;wchpilsgrid03&apos;, ip: &apos;167.140.56.160&apos;, os.name: &apos;Linux&apos;, os.arch: &apos;amd64&apos;, os.version: &apos;4.4.0-96-generic&apos;, java.version: &apos;1.8.0_131&apos;
Driver info: org.openqa.selenium.chrome.ChromeDriver
Capabilities [{applicationCacheEnabled=false, rotatable=false, mobileEmulationEnabled=false, networkConnectionEnabled=false, chrome={chromedriverVersion=2.30.477691 (6ee44a7247c639c0703f291d320bdf05c1531b57), userDataDir=/tmp/.org.chromium.Chromium.27S5qI}, takesHeapSnapshot=true, pageLoadStrategy=normal, databaseEnabled=false, handlesAlerts=true, hasTouchScreen=false, version=59.0.3071.115, platform=LINUX, browserConnectionEnabled=false, nativeEvents=true, acceptSslCerts=true, locationContextEnabled=true, webStorageEnabled=true, browserName=chrome, takesScreenshot=true, javascriptEnabled=true, cssSelectorsEnabled=true, unexpectedAlertBehaviour=}]
Session ID: 0b51240b27f3f177fc3178d3c40e0b35
*** Element info: {Using=xpath, value=//*[@id=&quot;qProdOverlay&quot;]//*[@class=&quot;productDesc&quot;]}
Command duration or timeout: 399 milliseconds
	at org.openqa.selenium.remote.ErrorHandler.createThrowable(ErrorHandler.java:215)
	at org.openqa.selenium.remote.ErrorHandler.throwIfResponseFailed(ErrorHandler.java:167)
	at org.openqa.selenium.remote.RemoteWebDriver.execute(RemoteWebDriver.java:671)
	at org.openqa.selenium.remote.RemoteWebDriver.findElement(RemoteWebDriver.java:410)
	at org.openqa.selenium.remote.RemoteWebDriver.findElementByXPath(RemoteWebDriver.java:509)
	at com.qvc.selenium.data.PageObject.findElement(PageObject.java:166)
	at com.qvc.selenium.data.PageObject.getWebElement(PageObject.java:210)
	at com.qvc.selenium.actions.BaseAction.getWebElement(BaseAction.java:154)
	at com.qvc.selenium.actions.BaseAction.getWebElement(BaseAction.java:140)
	at com.qvc.selenium.actions.TextStoreAction.runAction(TextStoreAction.java:27)
	at com.qvc.selenium.steps.TestStep.run(TestStep.java:217)
	at com.qvc.selenium.plugin.TestModule.runTestFlow(TestModule.java:92)
	at com.qvc.selenium.plugin.TestModule.runTestFlow(TestModule.java:62)
	at com.qvc.selenium.steps.FunctionTestStep.run(FunctionTestStep.java:85)
	at com.qvc.selenium.plugin.TestModule.runTestFlow(TestModule.java:92)
	at com.qvc.selenium.plugin.TestCase.runTestCase(TestCase.java:92)
	at java.util.concurrent.Executors$RunnableAdapter.call(Executors.java:511)
	at java.util.concurrent.FutureTask.run(FutureTask.java:266)
	at java.util.concurrent.ThreadPoolExecutor.runWorker(ThreadPoolExecutor.java:1149)
	at java.util.concurrent.ThreadPoolExecutor$Worker.run(ThreadPoolExecutor.java:624)
	at java.lang.Thread.run(Thread.java:748)
Caused by: org.openqa.selenium.remote.ScreenshotException: Screen shot has been taken
	at org.openqa.selenium.remote.ErrorHandler.throwIfResponseFailed(ErrorHandler.java:141)
	... 25 more
Caused by: org.openqa.selenium.NoSuchElementException: no such element: Unable to locate element: {&quot;method&quot;:&quot;xpath&quot;,&quot;selector&quot;:&quot;//*[@id=&quot;qProdOverlay&quot;]//*[@class=&quot;productDesc&quot;]&quot;}
  (Session info: chrome=59.0.3071.115)
  (Driver info: chromedriver=2.30.477691 (6ee44a7247c639c0703f291d320bdf05c1531b57),platform=Linux 4.4.0-96-generic x86_64) (WARNING: The server did not provide any stacktrace information)
Command duration or timeout: 22 milliseconds
For documentation on this error, please visit: http://seleniumhq.org/exceptions/no_such_element.html
Build info: version: &apos;3.4.0&apos;, revision: &apos;unknown&apos;, time: &apos;unknown&apos;
System info: host: &apos;wchpilsgrid03&apos;, ip: &apos;167.140.56.160&apos;, os.name: &apos;Linux&apos;, os.arch: &apos;amd64&apos;, os.version: &apos;4.4.0-96-generic&apos;, java.version: &apos;1.8.0_131&apos;
Driver info: org.openqa.selenium.chrome.ChromeDriver
Capabilities [{applicationCacheEnabled=false, rotatable=false, mobileEmulationEnabled=false, networkConnectionEnabled=false, chrome={chromedriverVersion=2.30.477691 (6ee44a7247c639c0703f291d320bdf05c1531b57), userDataDir=/tmp/.org.chromium.Chromium.27S5qI}, takesHeapSnapshot=true, pageLoadStrategy=normal, databaseEnabled=false, handlesAlerts=true, hasTouchScreen=false, version=59.0.3071.115, platform=LINUX, browserConnectionEnabled=false, nativeEvents=true, acceptSslCerts=true, locationContextEnabled=true, webStorageEnabled=true, browserName=chrome, takesScreenshot=true, javascriptEnabled=true, cssSelectorsEnabled=true, unexpectedAlertBehaviour=}]
Session ID: 0b51240b27f3f177fc3178d3c40e0b35
*** Element info: {Using=xpath, value=//*[@id=&quot;qProdOverlay&quot;]//*[@class=&quot;productDesc&quot;]}
For documentation on this error, please visit: http://seleniumhq.org/exceptions/no_such_element.html
Build info: version: &apos;3.4.0&apos;, revision: &apos;unknown&apos;, time: &apos;unknown&apos;
System info: host: &apos;QUFT12011&apos;, ip: &apos;10.14.18.72&apos;, os.name: &apos;Windows 7&apos;, os.arch: &apos;amd64&apos;, os.version: &apos;6.1&apos;, java.version: &apos;1.8.0_151&apos;
Driver info: driver.version: EventFiringWebDriver
	at org.openqa.selenium.remote.ErrorHandler.createThrowable(ErrorHandler.java:215)
	at org.openqa.selenium.remote.ErrorHandler.throwIfResponseFailed(ErrorHandler.java:167)
	at org.openqa.selenium.remote.RemoteWebDriver.execute(RemoteWebDriver.java:671)
	at org.openqa.selenium.remote.RemoteWebDriver.findElement(RemoteWebDriver.java:410)
	at org.openqa.selenium.remote.RemoteWebDriver.findElementByXPath(RemoteWebDriver.java:509)
	at org.openqa.selenium.By$ByXPath.findElement(By.java:361)
	at org.openqa.selenium.remote.RemoteWebDriver.findElement(RemoteWebDriver.java:402)
	at org.openqa.selenium.support.events.EventFiringWebDriver$2.invoke(EventFiringWebDriver.java:104)
	at com.sun.proxy.$Proxy6.findElement(Unknown Source)
	at org.openqa.selenium.support.events.EventFiringWebDriver.findElement(EventFiringWebDriver.java:188)
	at org.openqa.selenium.remote.server.handler.FindElement.call(FindElement.java:48)
	at org.openqa.selenium.remote.server.handler.FindElement.call(FindElement.java:33)
	at java.util.concurrent.FutureTask.run(FutureTask.java:266)
	at org.openqa.selenium.remote.server.DefaultSession$1.run(DefaultSession.java:176)
	at java.util.concurrent.ThreadPoolExecutor.runWorker(ThreadPoolExecutor.java:1142)
	at java.util.concurrent.ThreadPoolExecutor$Worker.run(ThreadPoolExecutor.java:617)
	... 1 more
... Removed 15 stack frames</div></td></tr></table><p class="totop"><a href="#summary">back to summary</a></p><h2>AEM_SizeColorOptions_Hover_uk_chrome</h2><h3 id="m6">com.qvc.selenium.plugin.TestCase#runTestCase</h3><table class="result"><tr><th>Messages</th></tr><tr><td><div class="messages"><div class=stepevent.level.toString()>Creating driver http://qloud:4444/wd/hub Capabilities [{proxy=Proxy(manual, ftp=wchwe21.qvc.com:80, http=wchwe21.qvc.com:80, ssl=wchwe21.qvc.com:80), honorSystemProxy=true, browserName=chrome, version=, platform=LINUX}]
</div><br/><br/><div class=stepevent.level.toString()>Go to URL &quot;qa.qvcuk.com&quot;
 Test module &quot;GotoUrl&quot;
</div><br/><br/><div class=stepevent.level.toString()>Nav to QVC
 Running action GoToUrl with data {url=http://qa.qvcuk.com}
</div><br/><br/><div class=stepevent.level.toString()>If have popup window
 Running action CheckForElements on cookiesBarCloseBtn [{xpath=//*[@id=&quot;alert-cookie-info-bar&quot;]//button[@class=&quot;close&quot;]}] with data {wait=2}
</div><br/><br/><div class=stepevent.level.toString()>Close it
 Running action Click on cookiesBarCloseBtn [{xpath=//*[@id=&quot;alert-cookie-info-bar&quot;]//button[@class=&quot;close&quot;]}]
</div><br/><br/><div class=stepevent.level.toString()>Wait util the object show up to make sure we switch to correct page
 Running action WaitUntilObjectExist on divHomepage [{id=pageContent}, {xpath=//*[@id='pageContent']}]
</div><br/><br/><div class=stepevent.level.toString()>Function Elapsed Time 0 min, 5 sec
</div><br/><br/><div class=stepevent.level.toString()>Search a product  with sold out option
 Test module &quot;ByProductNum&quot;
</div><br/><br/><div class=stepevent.level.toString()>Wait until the search bar display
 Running action WaitUntilObjectExist on searchBox [{id=searchBoxField}, {id=txtMastheadSearch}] with data {wait=4}
</div><br/><br/><div class=stepevent.level.toString()>Enter item number
 Running action SendKeys on searchBox [{id=searchBoxField}, {id=txtMastheadSearch}] with data {text=831756}
</div><br/><br/><div class=stepevent.level.toString()>Click &quot;Search&quot; button
 Running action Click on goBtn [{id=btnMastheadSearch}]
</div><br/><br/><div class=stepevent.level.toString()>Close the cookies bar
 Running action CheckForElements on cookiesBarCloseBtn [{xpath=//*[@id=&quot;alert-cookie-info-bar&quot;]//button[@class=&quot;close&quot;]}]
</div><br/><br/><div class=stepevent.level.toString()>Function Elapsed Time 0 min, 14 sec
</div><br/><br/><div class=stepevent.level.toString()>Verify sold out tooltips displayed when hover over the swatch for the sold out option
 Test module &quot;VerifySoldOutHover&quot;
</div><br/><br/><div class=stepevent.level.toString()>Verify we are at Product Detail page
 Running action ContainsText on productDetailHeader [{xpath=//*[@class=&quot;breadcrumb pageBreadcrumb&quot;]}] with data {text=Product Detail}
</div><br/><br/><div class=stepevent.level.toString()>If have soldout size
 Running action CheckForElements on FirstSoldOutSize [{xpath=//*[@class=&quot;selectSize&quot; and @ats=&quot;N&quot;][1]}, {xpath=//*[@ats=&quot;N&quot;][1]/*[@class=&quot;swatchBox selectSize&quot;]}]
</div><br/><br/><div class=stepevent.level.toString()>Hover over the swatch for the sold out option
 Running action MouseEvent on FirstSoldOutSize [{xpath=//*[@class=&quot;selectSize&quot; and @ats=&quot;N&quot;][1]}, {xpath=//*[@ats=&quot;N&quot;][1]/*[@class=&quot;swatchBox selectSize&quot;]}] with data {mouseaction=mouseover}
</div><br/><br/><div class=stepevent.level.toString()>Verify title displayed when hover over the swatch for the sold out option
 Running action VerifyExist on hoverOverTitle [{xpath=//*[@class=&quot;popover fade top in&quot;]//*[@class=&quot;popover-title&quot;]}]
</div><br/><br/><div class=stepevent.level.toString()>Verify title displayed when hover over the swatch for the sold out option
 Running action ContainsText on hoverOverTitle [{xpath=//*[@class=&quot;popover fade top in&quot;]//*[@class=&quot;popover-title&quot;]}] with data {text=SINGLE}
</div><br/><br/><div class=stepevent.level.toString()>Verify sold out tooltips displayed when hover over the swatch for the sold out option
 Running action VerifyExist on hoverOverText [{xpath=//*[@class=&quot;popover fade top in&quot;][1]//*[@class=&quot;popover-content&quot;]}]
</div><br/><br/><div class=stepevent.level.toString()>Verify sold out tooltips  displayed when hover over the swatch for the sold out option
 Running action ContainsText on hoverOverText [{xpath=//*[@class=&quot;popover fade top in&quot;][1]//*[@class=&quot;popover-content&quot;]}] with data {text=Sold Out}
</div><br/><br/><div class=stepevent.level.toString()>Function Elapsed Time 0 min, 1 sec
</div><br/><br/><div class=stepevent.level.toString()>Search a waitlist product_size only
 Test module &quot;ByProductNum&quot;&quot; with data: &quot;{productnum=672161}&quot;
</div><br/><br/><div class=stepevent.level.toString()>Wait until the search bar display
 Running action WaitUntilObjectExist on searchBox [{id=searchBoxField}, {id=txtMastheadSearch}] with data {wait=4}
</div><br/><br/><div class=stepevent.level.toString()>Enter item number
 Running action SendKeys on searchBox [{id=searchBoxField}, {id=txtMastheadSearch}] with data {text=672161}
</div><br/><br/><div class=stepevent.level.toString()>Click &quot;Search&quot; button
 Running action Click on goBtn [{id=btnMastheadSearch}]
</div><br/><br/><div class=stepevent.level.toString()>Close the cookies bar
 Running action CheckForElements on cookiesBarCloseBtn [{xpath=//*[@id=&quot;alert-cookie-info-bar&quot;]//button[@class=&quot;close&quot;]}]
</div><br/><br/><div class=stepevent.level.toString()>Function Elapsed Time 0 min, 13 sec
</div><br/><br/><div class=stepevent.level.toString()>Verify waitList tooltips displayed when hover over the swatch for the waitlist option
 Test module &quot;VerifyWaitListHover&quot;
</div><br/><br/><div class=stepevent.level.toString()>Verify we are at Product Detail page
 Running action ContainsText on productDetailHeader [{xpath=//*[@class=&quot;breadcrumb pageBreadcrumb&quot;]}] with data {text=Product Detail}
</div><br/><br/><div class=stepevent.level.toString()>If have waitlist size
 Running action CheckForElements on FirstWaitListSize [{xpath=//*[@class=&quot;selectSize&quot; and @ats=&quot;W&quot;][1]}, {xpath=//*[@ats=&quot;W&quot;][1]//*[@class=&quot;swatchBox selectSize&quot;]}]
</div><br/><br/><div class=stepevent.level.toString()>Hover over the swatch for the waitlist option
 Running action MouseEvent on FirstWaitListSize [{xpath=//*[@class=&quot;selectSize&quot; and @ats=&quot;W&quot;][1]}, {xpath=//*[@ats=&quot;W&quot;][1]//*[@class=&quot;swatchBox selectSize&quot;]}] with data {mouseaction=mouseover}
</div><br/><br/><div class=stepevent.level.toString()>Verify title displayed when hover over the swatch for the waitlist option
 Running action VerifyExist on hoverOverTitle [{xpath=//*[@class=&quot;popover fade top in&quot;]//*[@class=&quot;popover-title&quot;]}]
</div><br/><br/><div class=stepevent.level.toString()>Verify title displayed when hover over the swatch for the waitlist option
 Running action ContainsText on hoverOverTitle [{xpath=//*[@class=&quot;popover fade top in&quot;]//*[@class=&quot;popover-title&quot;]}] with data {text=SIZE J}
</div><br/><br/><div class=stepevent.level.toString()>Verify waitlist tooltips displayed when hover over the swatch for the waitlist option
 Running action VerifyExist on hoverOverText [{xpath=//*[@class=&quot;popover fade top in&quot;][1]//*[@class=&quot;popover-content&quot;]}]
</div><br/><br/><div class=stepevent.level.toString()>Verify waitlist tooltips displayed when hover over the swatch for the waitlist option
 Running action ContainsText on hoverOverText [{xpath=//*[@class=&quot;popover fade top in&quot;][1]//*[@class=&quot;popover-content&quot;]}] with data {text=Waitlist}
</div><br/><br/><div class=stepevent.level.toString()>Function Elapsed Time 0 min, 2 sec
</div><br/><br/><div class=stepevent.level.toString()>Report file generated: c:\seleniumframeworkplugin\testOutput\16\DetailReport\ReRun\Pass_AEM_SizeColorOptions_Hover_uk_chrome.html
</div><br/></div></td></tr></table><p class="totop"><a href="#summary">back to summary</a></p><h2>AEM_PDP_Video_Mute&amp;Unmute_uk_chrome</h2><h3 id="m7">com.qvc.selenium.plugin.TestCase#runTestCase</h3><table class="result"><tr><th>Messages</th></tr><tr><td><div class="messages"><div class=stepevent.level.toString()>Creating driver http://qloud:4444/wd/hub Capabilities [{proxy=Proxy(manual, ftp=wchwe21.qvc.com:80, http=wchwe21.qvc.com:80, ssl=wchwe21.qvc.com:80), honorSystemProxy=true, browserName=chrome, version=, platform=LINUX}]
</div><br/><br/><div class=stepevent.level.toString()>Go to URL qa.qvc.com
 Test module &quot;GotoUrl&quot;
</div><br/><br/><div class=stepevent.level.toString()>Nav to QVC
 Running action GoToUrl with data {url=http://qa.qvcuk.com}
</div><br/><br/><div class=stepevent.level.toString()>If have popup window
 Running action CheckForElements on cookiesBarCloseBtn [{xpath=//*[@id=&quot;alert-cookie-info-bar&quot;]//button[@class=&quot;close&quot;]}] with data {wait=2}
</div><br/><br/><div class=stepevent.level.toString()>Close it
 Running action Click on cookiesBarCloseBtn [{xpath=//*[@id=&quot;alert-cookie-info-bar&quot;]//button[@class=&quot;close&quot;]}]
</div><br/><br/><div class=stepevent.level.toString()>Wait util the object show up to make sure we switch to correct page
 Running action WaitUntilObjectExist on divHomepage [{id=pageContent}, {xpath=//*[@id='pageContent']}]
</div><br/><br/><div class=stepevent.level.toString()>Function Elapsed Time 0 min, 5 sec
</div><br/><br/><div class=stepevent.level.toString()>Search a product with On Air Presenatation Video
 Test module &quot;BYPRODUCTNUM&quot;
</div><br/><br/><div class=stepevent.level.toString()>Wait until the search bar display
 Running action WaitUntilObjectExist on searchBox [{id=searchBoxField}, {id=txtMastheadSearch}] with data {wait=4}
</div><br/><br/><div class=stepevent.level.toString()>Enter item number
 Running action SendKeys on searchBox [{id=searchBoxField}, {id=txtMastheadSearch}] with data {text=148947}
</div><br/><br/><div class=stepevent.level.toString()>Click &quot;Search&quot; button
 Running action Click on goBtn [{id=btnMastheadSearch}]
</div><br/><br/><div class=stepevent.level.toString()>Close the cookies bar
 Running action CheckForElements on cookiesBarCloseBtn [{xpath=//*[@id=&quot;alert-cookie-info-bar&quot;]//button[@class=&quot;close&quot;]}]
</div><br/><br/><div class=stepevent.level.toString()>Function Elapsed Time 0 min, 14 sec
</div><br/><br/><div class=stepevent.level.toString()>Verify that video can mute and unmute
 Test module &quot;VerifyVideoMute&amp;Unmute&quot;
</div><br/><br/><div class=stepevent.level.toString()>Wait until object exists to make sure we are at correct page: &quot;Product Detail&quot; page
 Running action WaitUntilObjectExist on productNumbertxt [{xpath=//*[@class='itemNo']}]
</div><br/><br/><div class=stepevent.level.toString()>Verify that we are at  correct product number's &quot;Product Detail&quot; page
 Running action ContainsText on productNumbertxt [{xpath=//*[@class='itemNo']}] with data {text=148947}
</div><br/><br/><div class=stepevent.level.toString()>Wait until video player is shown
 Running action WaitUntilObjectExist on videoField [{xpath=//div[@class=&quot;productVideo&quot;]}] with data {wait=3}
</div><br/><br/><div class=stepevent.level.toString()>Click video player to pause
[Note: In order to make sure the buttons in control bar can be found]
 Running action Click on videoPlayer [{xpath=//div[@class=&quot;productVideo&quot;]//video}]
</div><br/><br/><div class=stepevent.level.toString()>Loop to click Video player until Resume button is shown
 Running action VerifyExist on resumeBtn [{xpath=//button[@title=&quot;Resume&quot;]}]
</div><br/><br/><div class=stepevent.level.toString()>Object not displayed, reload the object - resumeBtn
</div><br/><br/><div class=stepevent.level.toString()>Object not displayed, reload the object - resumeBtn
</div><br/><br/><div class=stepevent.level.toString()>Object not displayed, reload the object - resumeBtn
</div><br/><br/><div class=stepevent.level.toString()>Object not displayed, reload the object - resumeBtn
</div><br/><br/><div class=stepevent.level.toString()>Object not displayed, reload the object - resumeBtn
</div><br/><br/><div class=stepevent.level.toString()>Locator was: {xpath=//*[@class=&quot;buyBoxSelect buyBoxSelectDelivery&quot;]//*[@class=&quot;aboveLabel&quot;]}
</div><br/><br/><div class=stepevent.level.toString()>Loop click video player to pause
[Note: In order to make sure the buttons in control bar can be found]
 Running action Click on videoPlayer [{xpath=//div[@class=&quot;productVideo&quot;]//video}]
</div><br/><br/><div class=stepevent.level.toString()>Object not displayed, reload the object - resumeBtn
</div><br/><br/><div class=stepevent.level.toString()>Object not displayed, reload the object - resumeBtn
</div><br/><br/><div class=stepevent.level.toString()>Object not displayed, reload the object - resumeBtn
</div><br/><br/><div class=stepevent.level.toString()>Object not displayed, reload the object - resumeBtn
</div><br/><br/><div class=stepevent.level.toString()>Object not displayed, reload the object - resumeBtn
</div><br/><br/><div class=stepevent.level.toString()>Locator was: {xpath=//*[@class=&quot;buyBoxSelect buyBoxSelectColor&quot;]//*[@class=&quot;swatchBox selectOption&quot;]}
</div><br/><br/><div class=stepevent.level.toString()>Loop click video player to pause
[Note: In order to make sure the buttons in control bar can be found]
 Running action Click on videoPlayer [{xpath=//div[@class=&quot;productVideo&quot;]//video}]
</div><br/><br/><div class=stepevent.level.toString()>Object not displayed, reload the object - resumeBtn
</div><br/><br/><div class=stepevent.level.toString()>Object not displayed, reload the object - resumeBtn
</div><br/><br/><div class=stepevent.level.toString()>Object not displayed, reload the object - resumeBtn
</div><br/><br/><div class=stepevent.level.toString()>Object not displayed, reload the object - resumeBtn
</div><br/><br/><div class=stepevent.level.toString()>Object not displayed, reload the object - resumeBtn
</div><br/><br/><div class=stepevent.level.toString()>Locator was: {xpath=//div[contains(@id,&quot;BVQAQuestionAndAnswers&quot;)][1]//*[@class=&quot;BVQAContent BVQAQuestion&quot;]//*[@class=&quot;BVQAFeedback BVQAInappropriateFeedback&quot;]//div[@class=&quot;BVQAActiveFeedback&quot;]/a}
</div><br/><br/><div class=stepevent.level.toString()>Loop click video player to pause
[Note: In order to make sure the buttons in control bar can be found]
 Running action Click on videoPlayer [{xpath=//div[@class=&quot;productVideo&quot;]//video}]
</div><br/><br/><div class=stepevent.level.toString()>Object not displayed, reload the object - resumeBtn
</div><br/><br/><div class=stepevent.level.toString()>Object not displayed, reload the object - resumeBtn
</div><br/><br/><div class=stepevent.level.toString()>Object not displayed, reload the object - resumeBtn
</div><br/><br/><div class=stepevent.level.toString()>Object not displayed, reload the object - resumeBtn
</div><br/><br/><div class=stepevent.level.toString()>Object not displayed, reload the object - resumeBtn
</div><br/><br/><div class=stepevent.level.toString()>Locator was: {xpath=//*[@ats=&quot;Y&quot;][1]/*[@class=&quot;swatchBox selectSize&quot;]}
</div><br/><br/><div class=stepevent.level.toString()>Loop click video player to pause
[Note: In order to make sure the buttons in control bar can be found]
 Running action Click on videoPlayer [{xpath=//div[@class=&quot;productVideo&quot;]//video}]
</div><br/><br/><div class=stepevent.level.toString()>Object not displayed, reload the object - resumeBtn
</div><br/><br/><div class=stepevent.level.toString()>Object not displayed, reload the object - resumeBtn
</div><br/><br/><div class=stepevent.level.toString()>Object not displayed, reload the object - resumeBtn
</div><br/><br/><div class=stepevent.level.toString()>Object not displayed, reload the object - resumeBtn
</div><br/><br/><div class=stepevent.level.toString()>Object not displayed, reload the object - resumeBtn
</div><br/><br/><div class=stepevent.level.toString()>Locator was: {xpath=//button[@title=&quot;Resume&quot;]}
</div><br/><br/><div class=stepevent.level.toString()>Loop click video player to pause
[Note: In order to make sure the buttons in control bar can be found]
 Running action Click on videoPlayer [{xpath=//div[@class=&quot;productVideo&quot;]//video}]
</div><br/><br/><div class=stepevent.level.toString()>Click resume button to play video
[Note: In order to make sure the buttons in control bar can be found]
 Running action Click on resumeBtn [{xpath=//button[@title=&quot;Resume&quot;]}]
</div><br/><br/><div class=stepevent.level.toString()>Verify that video is in muted state aumatically
 Running action VerifyExist on unmuteBtn [{xpath=//div[@title='Unmute']}]
</div><br/><br/><div class=stepevent.level.toString()>Click unmute button
 Running action Click on unmuteBtn [{xpath=//div[@title='Unmute']}]
</div><br/><br/><div class=stepevent.level.toString()>Verify that video is in unmuted state after clicking unmute button
 Running action VerifyExist on muteBtn [{xpath=//div[@title='Mute']}]
</div><br/><br/><div class=stepevent.level.toString()>Click mute button
 Running action Click on muteBtn [{xpath=//div[@title='Mute']}]
</div><br/><br/><div class=stepevent.level.toString()>Verify that video is in muted state after clicking mute button
 Running action VerifyExist on unmuteBtn [{xpath=//div[@title='Unmute']}]
</div><br/><br/><div class=stepevent.level.toString()>Function Elapsed Time 0 min, 32 sec
</div><br/><br/><div class=stepevent.level.toString()>Report file generated: c:\seleniumframeworkplugin\testOutput\16\DetailReport\ReRun\Pass_AEM_PDP_Video_Mute&amp;Unmute_uk_chrome.html
</div><br/></div></td></tr></table><p class="totop"><a href="#summary">back to summary</a></p><h2>AEM_PDP_BV_Q&amp;A_CancelAnswerAQuestionBeforePreview_uk_chrome</h2><h3 id="m8">com.qvc.selenium.plugin.TestCase#runTestCase</h3><table class="result"><tr><th>Messages</th></tr><tr><td><div class="messages"><div class=stepevent.level.toString()>Creating driver http://qloud:4444/wd/hub Capabilities [{proxy=Proxy(manual, ftp=wchwe21.qvc.com:80, http=wchwe21.qvc.com:80, ssl=wchwe21.qvc.com:80), honorSystemProxy=true, browserName=chrome, version=, platform=LINUX}]
</div><br/><br/><div class=stepevent.level.toString()>Go to url qa.qvc.com
 Test module &quot;GotoUrl&quot;
</div><br/><br/><div class=stepevent.level.toString()>Nav to QVC
 Running action GoToUrl with data {url=http://qa.qvcuk.com}
</div><br/><br/><div class=stepevent.level.toString()>If have popup window
 Running action CheckForElements on cookiesBarCloseBtn [{xpath=//*[@id=&quot;alert-cookie-info-bar&quot;]//button[@class=&quot;close&quot;]}] with data {wait=2}
</div><br/><br/><div class=stepevent.level.toString()>Close it
 Running action Click on cookiesBarCloseBtn [{xpath=//*[@id=&quot;alert-cookie-info-bar&quot;]//button[@class=&quot;close&quot;]}]
</div><br/><br/><div class=stepevent.level.toString()>Wait util the object show up to make sure we switch to correct page
 Running action WaitUntilObjectExist on divHomepage [{id=pageContent}, {xpath=//*[@id='pageContent']}]
</div><br/><br/><div class=stepevent.level.toString()>Function Elapsed Time 0 min, 5 sec
</div><br/><br/><div class=stepevent.level.toString()>Navigate to sign in page
 Test module &quot;NavToSignIn&quot;
</div><br/><br/><div class=stepevent.level.toString()>Click sign in
 Running action Click on signInLink [{xpath=//*[@class=&quot;acctGreeting acctUnAuth&quot;]//p[1]}, {linkText=Sign in or register}]
</div><br/><br/><div class=stepevent.level.toString()>Function Elapsed Time 0 min, 2 sec
</div><br/><br/><div class=stepevent.level.toString()>Sign in
 Test module &quot;ByEmail&quot;
</div><br/><br/><div class=stepevent.level.toString()>Wait until the object exist
 Running action WaitUntilObjectExist on signInHeader [{id=divPageTitle}] with data {wait=10}
</div><br/><br/><div class=stepevent.level.toString()>Veify we are at &quot;Sign In&quot; page
 Running action ContainsText on signInHeader [{id=divPageTitle}] with data {text=Sign In}
</div><br/><br/><div class=stepevent.level.toString()>Input email address
 Running action SendKeys on emailAddressTextbox [{id=txtEmailAddress}, {name=logonId}] with data {text=a20170605101837@qvc.com}
</div><br/><br/><div class=stepevent.level.toString()>Input password
 Running action SendKeys on passwordTextbox [{id=txtPassword}, {name=logonPassword}] with data {text=Qvctester1}
</div><br/><br/><div class=stepevent.level.toString()>Click &quot;Sign in&quot;
 Running action Click on loginBtn [{id=btnSignIn}]
</div><br/><br/><div class=stepevent.level.toString()>Function Elapsed Time 0 min, 12 sec
</div><br/><br/><div class=stepevent.level.toString()>Search a product that has not question
 Test module &quot;ByProductNum&quot;
</div><br/><br/><div class=stepevent.level.toString()>Wait until the search bar display
 Running action WaitUntilObjectExist on searchBox [{id=searchBoxField}, {id=txtMastheadSearch}] with data {wait=4}
</div><br/><br/><div class=stepevent.level.toString()>Enter item number
 Running action SendKeys on searchBox [{id=searchBoxField}, {id=txtMastheadSearch}] with data {text=228484}
</div><br/><br/><div class=stepevent.level.toString()>Click &quot;Search&quot; button
 Running action Click on goBtn [{id=btnMastheadSearch}]
</div><br/><br/><div class=stepevent.level.toString()>Close the cookies bar
 Running action CheckForElements on cookiesBarCloseBtn [{xpath=//*[@id=&quot;alert-cookie-info-bar&quot;]//button[@class=&quot;close&quot;]}]
</div><br/><br/><div class=stepevent.level.toString()>Function Elapsed Time 0 min, 15 sec
</div><br/><br/><div class=stepevent.level.toString()>Navigate to the first question of View All Q&amp;A
 Test module &quot;NavToFirstQuestionOfViewAllQA&quot;
</div><br/><br/><div class=stepevent.level.toString()>Verify that we are at &quot;Product Detail&quot; page
 Running action ContainsText on productDetailHeader [{xpath=//*[@class=&quot;breadcrumb pageBreadcrumb&quot;]}] with data {text=Product Detail}
</div><br/><br/><div class=stepevent.level.toString()>Verify we are on page &quot;VIEW ALL Q&amp;A&quot;
 Running action VerifyExist on toolbarOfTabViewAllQAndA [{xpath=//div[@id='BVQAViewQuestionsContentID']//div[@id='BVQAToolbarID']}]
</div><br/><br/><div class=stepevent.level.toString()>Click link of the first question title
 Running action Click on firstQuestionTitleOfViewAllQAndALink [{xpath=//div[contains(@id,&quot;BVQAQuestionAndAnswers&quot;)][1]//*[@class='BVQAQuestionSummary']/a}]
</div><br/><br/><div class=stepevent.level.toString()>Store the text of the first question title
 Running action Text on firstQuestionTitleOfViewAllQAndALink [{xpath=//div[contains(@id,&quot;BVQAQuestionAndAnswers&quot;)][1]//*[@class='BVQAQuestionSummary']/a}] with data {storeas=firstQuestionTitle}
</div><br/><br/><div class=stepevent.level.toString()>Check whether the question has question detail
 Running action CheckForElements on firstQuestionDetailOfViewAllQAndA [{xpath=//div[contains(@id,&quot;BVQAQuestionAndAnswers&quot;)][1]//div[@class='BVQAContentText BVQAQuestionDetails']}]
</div><br/><br/><div class=stepevent.level.toString()>Verify the question detail of the first question title exists
 Running action VerifyExist on firstQuestionDetailOfViewAllQAndA [{xpath=//div[contains(@id,&quot;BVQAQuestionAndAnswers&quot;)][1]//div[@class='BVQAContentText BVQAQuestionDetails']}]
</div><br/><br/><div class=stepevent.level.toString()>Save the text of the question detail of the first question title exists
 Running action Text on firstQuestionDetailOfViewAllQAndA [{xpath=//div[contains(@id,&quot;BVQAQuestionAndAnswers&quot;)][1]//div[@class='BVQAContentText BVQAQuestionDetails']}] with data {storeas=firstQuestionDetail}
</div><br/><br/><div class=stepevent.level.toString()>Verify the  asker's nickname of the first question is displayed
 Running action VerifyExist on askerOfFirstQuestionOfViewAllQAndA [{xpath=//div[contains(@id,&quot;BVQAQuestionAndAnswers&quot;)][1]//div[@class='BVQAQuestionDataBar BVQADataBar']//div[@class='BVQANickname']}]
</div><br/><br/><div class=stepevent.level.toString()>Store the  asker's nickname of the first question
 Running action Text on askerOfFirstQuestionOfViewAllQAndA [{xpath=//div[contains(@id,&quot;BVQAQuestionAndAnswers&quot;)][1]//div[@class='BVQAQuestionDataBar BVQADataBar']//div[@class='BVQANickname']}] with data {storeas=askerOfFirstQuestion}
</div><br/><br/><div class=stepevent.level.toString()>Verify button&quot;ANSWER&quot; exists
 Running action VerifyExist on firstAnswerBtnOfViewAllQAndA [{xpath=//div[contains(@id,&quot;BVQAQuestionAndAnswers&quot;)][1]//*[@class=&quot;btn btn-secondary btnAnswerQuestion&quot;]}]
</div><br/><br/><div class=stepevent.level.toString()>Verify the date of the first question is displayed
 Running action VerifyExist on dateOfFirstQuestionOfViewAllQAndA [{xpath=//div[contains(@id,&quot;BVQAQuestionAndAnswers&quot;)][1]//*[@class=&quot;BVQAContent BVQAQuestion&quot;]//div[@class=&quot;BVQAElapsedTime&quot;]}]
</div><br/><br/><div class=stepevent.level.toString()>Store the  date of the first question
 Running action Text on dateOfFirstQuestionOfViewAllQAndA [{xpath=//div[contains(@id,&quot;BVQAQuestionAndAnswers&quot;)][1]//*[@class=&quot;BVQAContent BVQAQuestion&quot;]//div[@class=&quot;BVQAElapsedTime&quot;]}] with data {storeas=Date}
</div><br/><br/><div class=stepevent.level.toString()>Verify the location of the first question is displayed
 Running action VerifyExist on locationOfFirstQuestionOfViewAllQAndA [{xpath=//div[contains(@id,&quot;BVQAQuestionAndAnswers&quot;)][1]//*[@class=&quot;BVQAContent BVQAQuestion&quot;]//div[@class=&quot;BVQALocation&quot;]}]
</div><br/><br/><div class=stepevent.level.toString()>Store the location of the first question
 Running action Text on locationOfFirstQuestionOfViewAllQAndA [{xpath=//div[contains(@id,&quot;BVQAQuestionAndAnswers&quot;)][1]//*[@class=&quot;BVQAContent BVQAQuestion&quot;]//div[@class=&quot;BVQALocation&quot;]}] with data {storeas=Location}
</div><br/><br/><div class=stepevent.level.toString()>Check whether the age info detail exist
 Running action CheckForElements on ageTextOfFirstQuestionOfViewAllQAndA [{xpath=//div[contains(@id,&quot;BVQAQuestionAndAnswers&quot;)][1]//*[@class=&quot;BVQAContent BVQAQuestion&quot;]//*[contains(@class,'BVQAContextDataValueagePrefix')]}]
</div><br/><br/><div class=stepevent.level.toString()>Verify the text of &quot;Age&quot; exist
 Running action ContainsText on ageTextOfFirstQuestionOfViewAllQAndA [{xpath=//div[contains(@id,&quot;BVQAQuestionAndAnswers&quot;)][1]//*[@class=&quot;BVQAContent BVQAQuestion&quot;]//*[contains(@class,'BVQAContextDataValueagePrefix')]}] with data {text=Age}
</div><br/><br/><div class=stepevent.level.toString()>Store the content of &quot;Age&quot;
 Running action Text on ageContentOfFirstQuestionOfViewAllQAndA [{xpath=//div[contains(@id,&quot;BVQAQuestionAndAnswers&quot;)][1]//*[@class=&quot;BVQAContent BVQAQuestion&quot;]//*[@class=&quot;BVQAValue BVQAContextDataValue BVQAContextDataValueage&quot;]}] with data {storeas=Age}
</div><br/><br/><div class=stepevent.level.toString()>Check whether the shop time info detail exist
 Running action CheckForElements on shopTimeTextOfFirstQuestionOfViewAllQAndA [{xpath=//div[contains(@id,&quot;BVQAQuestionAndAnswers&quot;)][1]//*[@class=&quot;BVQAContent BVQAQuestion&quot;]//*[contains(@class,'BVQAContextDataValuehowLongShoppingPrefix')]}]
</div><br/><br/><div class=stepevent.level.toString()>Verify the text of &quot;How long have you been shopping with QVC&quot; exist
 Running action ContainsText on shopTimeTextOfFirstQuestionOfViewAllQAndA [{xpath=//div[contains(@id,&quot;BVQAQuestionAndAnswers&quot;)][1]//*[@class=&quot;BVQAContent BVQAQuestion&quot;]//*[contains(@class,'BVQAContextDataValuehowLongShoppingPrefix')]}] with data {text=How long have you been shopping with QVC}
</div><br/><br/><div class=stepevent.level.toString()>Store the content of shop time
 Running action Text on shopTimeContentOfFirstQuestionOfViewAllQAndA [{xpath=//div[contains(@id,&quot;BVQAQuestionAndAnswers&quot;)][1]//*[@class=&quot;BVQAContent BVQAQuestion&quot;]//*[@class=&quot;BVQAValue BVQAContextDataValue BVQAContextDataValuehowLongShopping&quot;]}] with data {storeas=shopTime}
</div><br/><br/><div class=stepevent.level.toString()>Check whether the recommend info detail exist
 Running action CheckForElements on recommendTextOfFirstQuestionOfViewAllQAndA [{xpath=//div[contains(@id,&quot;BVQAQuestionAndAnswers&quot;)][1]//*[@class=&quot;BVQAContent BVQAQuestion&quot;]//*[contains(@class,'BVQAContextDataValuewouldRecommendPrefix')]}]
</div><br/><br/><div class=stepevent.level.toString()>Verify the text of &quot;Would you recommend this product as a gift&quot; exist
 Running action ContainsText on recommendTextOfFirstQuestionOfViewAllQAndA [{xpath=//div[contains(@id,&quot;BVQAQuestionAndAnswers&quot;)][1]//*[@class=&quot;BVQAContent BVQAQuestion&quot;]//*[contains(@class,'BVQAContextDataValuewouldRecommendPrefix')]}] with data {text=Would you recommend this product as a gift}
</div><br/><br/><div class=stepevent.level.toString()>Store the content of recommend
 Running action Text on recommendContentOfFirstQuestionOfViewAllQAndA [{xpath=//div[contains(@id,&quot;BVQAQuestionAndAnswers&quot;)][1]//*[@class=&quot;BVQAContent BVQAQuestion&quot;]//*[@class=&quot;BVQAValue BVQAContextDataValue BVQAContextDataValuewouldRecommend&quot;]}] with data {storeas=recommendContent}
</div><br/><br/><div class=stepevent.level.toString()>Check whether the gift option info detail exist
 Running action CheckForElements on giftOptionTextOfFirstQuestionOfViewAllQAndA [{xpath=//div[contains(@id,&quot;BVQAQuestionAndAnswers&quot;)][1]//*[@class=&quot;BVQAContent BVQAQuestion&quot;]//*[contains(@class,'BVQAContextDataValueperfectGiftForPrefix')]}]
</div><br/><br/><div class=stepevent.level.toString()>Verify the text of &quot;Who would this be a perfect gift for&quot; exist
 Running action ContainsText on giftOptionTextOfFirstQuestionOfViewAllQAndA [{xpath=//div[contains(@id,&quot;BVQAQuestionAndAnswers&quot;)][1]//*[@class=&quot;BVQAContent BVQAQuestion&quot;]//*[contains(@class,'BVQAContextDataValueperfectGiftForPrefix')]}] with data {text=Who would this be a perfect gift for}
</div><br/><br/><div class=stepevent.level.toString()>Store the content of gift option
 Running action Text on giftOptionContentOfFirstQuestionOfViewAllQAndA [{xpath=//div[contains(@id,&quot;BVQAQuestionAndAnswers&quot;)][1]//*[@class=&quot;BVQAContent BVQAQuestion&quot;]//*[@class=&quot;BVQAValue BVQAContextDataValue BVQAContextDataValueperfectGiftFor&quot;]}] with data {storeas=giftOption}
</div><br/><br/><div class=stepevent.level.toString()>Verify button &quot;Flag&quot;(Report as inappropriate) exists
 Running action VerifyExist on firstReportAsInappropriateOfViewAllQAndABtn [{xpath=//div[contains(@id,&quot;BVQAQuestionAndAnswers&quot;)][1]//*[@class=&quot;BVQAContent BVQAQuestion&quot;]//*[@class=&quot;BVQAFeedback BVQAInappropriateFeedback&quot;]//div[@class=&quot;BVQAActiveFeedback&quot;]/a}]
</div><br/><br/><div class=stepevent.level.toString()>Verify button &quot;Helpful&quot; exists
 Running action VerifyExist on answerHelpYesBtn [{xpath=//*[contains(@id,'BVQAAnswer')][1]//*[@class='BVQAActiveFeedback']/*[@title=&quot;Helpful&quot;]}, {xpath=//div[contains(@id,&quot;BVQAQuestionAndAnswers&quot;)][1]//*[contains(@id,&quot;BVQAAnswer&quot;)][1]//div[contains(@class,&quot;BVQAPositiveFeedback&quot;)]//div[@class=&quot;BVQAActiveFeedback&quot;]}]
</div><br/><br/><div class=stepevent.level.toString()>Verify button &quot;Unhelpful&quot; exists
 Running action VerifyExist on answerHelpfulNoBtn [{xpath=//*[contains(@id,'BVQAAnswer')][1]//*[@class=&quot;BVQAFeedback BVQAHelpfulnessFeedback BVQANegativeFeedback&quot;]//*[@class=&quot;BVQAActiveFeedback&quot;]/a}, {xpath=//div[contains(@id,&quot;BVQAQuestionAndAnswers&quot;)][1]//*[contains(@id,&quot;BVQAAnswer&quot;)][1]//div[contains(@class,&quot;BVQANegativeFeedback&quot;)]//div[@class=&quot;BVQAActiveFeedback&quot;]}]
</div><br/><br/><div class=stepevent.level.toString()>Function Elapsed Time 0 min, 4 sec
</div><br/><br/><div class=stepevent.level.toString()>Click the first Answer Btn Of View All Q&amp;A
 Test module &quot;ClickFirstAnswerBtnFromAllQandA&quot;
</div><br/><br/><div class=stepevent.level.toString()>Click &quot;ANSWER&quot; button in Q&amp;A section on product detail page
 Running action Click on firstAnswerBtnOfViewAllQAndA [{xpath=//div[contains(@id,&quot;BVQAQuestionAndAnswers&quot;)][1]//*[@class=&quot;btn btn-secondary btnAnswerQuestion&quot;]}]
</div><br/><br/><div class=stepevent.level.toString()>Wait util the page 'Sign In' displays
 Running action WaitUntilObjectExist on signInHeader [{id=divPageTitle}] with data {wait=5}
</div><br/><br/><div class=stepevent.level.toString()>Function Elapsed Time 0 min, 5 sec
</div><br/><br/><div class=stepevent.level.toString()>Click &quot;CANCEL&quot; button in Q&amp;A section on product detail page to cancel answer the question
 Test module &quot;ClickCancelAnswerThisQuestion&quot;
</div><br/><br/><div class=stepevent.level.toString()>Click &quot;CANCEL&quot; button in Q&amp;A section on product detail page to cancel answer the question
 Running action Click on cancelAnswerBtn [{xpath=//input[@id='BVQACancelAnswerButtonID']}]
</div><br/><br/><div class=stepevent.level.toString()>Wait util the section &quot;Questions &amp; Answers&quot; displays on product detail page
 Running action WaitUntilObjectExist on questionAndAnswersHeader [{id=BVQAHeaderTitleID}] with data {wait=5}
</div><br/><br/><div class=stepevent.level.toString()>Function Elapsed Time 0 min, 9 sec
</div><br/><br/><div class=stepevent.level.toString()>Report file generated: c:\seleniumframeworkplugin\testOutput\16\DetailReport\ReRun\Pass_AEM_PDP_BV_Q&amp;A_CancelAnswerAQuestionBeforePreview_uk_chrome.html
</div><br/></div></td></tr></table><p class="totop"><a href="#summary">back to summary</a></p><h2>PD_AEM_Shipping_and_Handling_Multi_Quantity_UK_only_uk_chrome</h2><h3 id="m9">com.qvc.selenium.plugin.TestCase#runTestCase</h3><table class="result"><tr><th>Messages</th></tr><tr><td><div class="messages"><div class=stepevent.level.toString()>Creating driver http://qloud:4444/wd/hub Capabilities [{proxy=Proxy(manual, ftp=wchwe21.qvc.com:80, http=wchwe21.qvc.com:80, ssl=wchwe21.qvc.com:80), honorSystemProxy=true, browserName=chrome, version=, platform=LINUX}]
</div><br/><br/><div class=stepevent.level.toString()>Go to URL &quot;qa.qvcuk.com&quot;
 Test module &quot;GotoUrl&quot;
</div><br/><br/><div class=stepevent.level.toString()>Nav to QVC
 Running action GoToUrl with data {url=http://qa.qvcuk.com}
</div><br/><br/><div class=stepevent.level.toString()>If have popup window
 Running action CheckForElements on cookiesBarCloseBtn [{xpath=//*[@id=&quot;alert-cookie-info-bar&quot;]//button[@class=&quot;close&quot;]}] with data {wait=2}
</div><br/><br/><div class=stepevent.level.toString()>Close it
 Running action Click on cookiesBarCloseBtn [{xpath=//*[@id=&quot;alert-cookie-info-bar&quot;]//button[@class=&quot;close&quot;]}]
</div><br/><br/><div class=stepevent.level.toString()>Wait util the object show up to make sure we switch to correct page
 Running action WaitUntilObjectExist on divHomepage [{id=pageContent}, {xpath=//*[@id='pageContent']}]
</div><br/><br/><div class=stepevent.level.toString()>Function Elapsed Time 0 min, 5 sec
</div><br/><br/><div class=stepevent.level.toString()>Search regular product
 Test module &quot;ByProductNum&quot;
</div><br/><br/><div class=stepevent.level.toString()>Wait until the search bar display
 Running action WaitUntilObjectExist on searchBox [{id=searchBoxField}, {id=txtMastheadSearch}] with data {wait=4}
</div><br/><br/><div class=stepevent.level.toString()>Enter item number
 Running action SendKeys on searchBox [{id=searchBoxField}, {id=txtMastheadSearch}] with data {text=589523}
</div><br/><br/><div class=stepevent.level.toString()>Click &quot;Search&quot; button
 Running action Click on goBtn [{id=btnMastheadSearch}]
</div><br/><br/><div class=stepevent.level.toString()>Close the cookies bar
 Running action CheckForElements on cookiesBarCloseBtn [{xpath=//*[@id=&quot;alert-cookie-info-bar&quot;]//button[@class=&quot;close&quot;]}]
</div><br/><br/><div class=stepevent.level.toString()>Function Elapsed Time 0 min, 14 sec
</div><br/><br/><div class=stepevent.level.toString()>Verify the Muti-quantity shipping discount message
 Test module &quot;VerifyMultiQuantityDiscount&quot;
</div><br/><br/><div class=stepevent.level.toString()>Wait until the object exists
 Running action WaitUntilObjectExist on productDetailHeader [{xpath=//*[@class=&quot;breadcrumb pageBreadcrumb&quot;]}] with data {wait=5}
</div><br/><br/><div class=stepevent.level.toString()>Verify the text of MQD message displays
 Running action VerifyExist on buyMoreSaveMoveText [{xpath=//*[@class=&quot;col-tn-12 col-xs-6 buyBoxQuantityInfo&quot;]}]
</div><br/><br/><div class=stepevent.level.toString()>Verify the text of MQD message
 Running action ContainsText on buyMoreSaveMoveText [{xpath=//*[@class=&quot;col-tn-12 col-xs-6 buyBoxQuantityInfo&quot;]}] with data {text=Half price P&amp;P on every additional item.}
</div><br/><br/><div class=stepevent.level.toString()>Verify the link of offer detail
 Running action VerifyExist on buyMoreSaveMoveOfferLink [{xpath=//*[@class=&quot;col-tn-12 col-xs-6 buyBoxQuantityInfo&quot;]//*[@class=&quot;arrow fancybox fancybox.ajax&quot;]}]
</div><br/><br/><div class=stepevent.level.toString()>Click the link of offer detail
 Running action Click on buyMoreSaveMoveOfferLink [{xpath=//*[@class=&quot;col-tn-12 col-xs-6 buyBoxQuantityInfo&quot;]//*[@class=&quot;arrow fancybox fancybox.ajax&quot;]}]
</div><br/><br/><div class=stepevent.level.toString()>Wait until the object exists
 Running action WaitUntilObjectExist on popupText [{xpath=//*[@class=&quot;fancybox-skin&quot;]//*[contains(@class,&quot;rich-text-editor&quot;)]}] with data {wait=5}
</div><br/><br/><div class=stepevent.level.toString()>Verfiy the popup text contain &quot;buy more save more&quot;
 Running action ContainsText on popupText [{xpath=//*[@class=&quot;fancybox-skin&quot;]//*[contains(@class,&quot;rich-text-editor&quot;)]}] with data {text=Buy More}
</div><br/><br/><div class=stepevent.level.toString()>Close the popup window
 Running action Click on popupClose [{xpath=//*[@class=&quot;fancybox-item fancybox-close&quot;]}]
</div><br/><br/><div class=stepevent.level.toString()>Function Elapsed Time 0 min, 12 sec
</div><br/><br/><div class=stepevent.level.toString()>Add the product to cart
 Test module &quot;AddToCart&quot;
</div><br/><br/><div class=stepevent.level.toString()>Verify we are at Product Detail page
 Running action ContainsText on productDetailHeader [{xpath=//*[@class=&quot;breadcrumb pageBreadcrumb&quot;]}] with data {text=Product Detail}
</div><br/><br/><div class=stepevent.level.toString()>Get the product number
 Running action Text on productNumbertxt [{xpath=//*[@class='itemNo']}] with data {storeas=productNumPD}
</div><br/><br/><div class=stepevent.level.toString()>Get the product price
 Running action Text on qVCRegularPrice [{xpath=//*[@class=&quot;price&quot;]}, {xpath=//*[@class=&quot;price priceSm&quot;]}, {xpath=//*[@class=&quot;productDetailPrice  price&quot;]}, {xpath=//*[contains(@class,&quot;productDetailPrice&quot;)][1]}] with data {storeas=productPrice}
</div><br/><br/><div class=stepevent.level.toString()>If have instock color
 Running action CheckForElements on FirstAvailableColorOption [{xpath=//*[@ats=&quot;Y&quot;]//*[@class=&quot;swatchBox selectOption&quot;][1]}, {xpath=//*[@class=&quot;buyBoxSelect buyBoxSelectColor&quot;]//*[@class=&quot;swatchBox selectOption&quot;]}]
</div><br/><br/><div class=stepevent.level.toString()>If have instock color
 Running action CheckForElements on FirstAvailableColor [{xpath=//*[@class=&quot;selectColor&quot; and @ats=&quot;Y&quot;][1]}, {xpath=//*[@ats=&quot;Y&quot;][1]/*[@class=&quot;swatchBox selectColor&quot;]}]
</div><br/><br/><div class=stepevent.level.toString()>If have instock size
 Running action CheckForElements on FirstAvailableSize [{xpath=//*[@class=&quot;selectSize&quot; and @ats=&quot;Y&quot;][1]}, {xpath=//*[@ats=&quot;Y&quot;][1]/*[@class=&quot;swatchBox selectSize&quot;]}]
</div><br/><br/><div class=stepevent.level.toString()>SELECT quantity
 Running action SendKeys on productQtyInputBox [{css=.productQuantity}] with data {text=1}
</div><br/><br/><div class=stepevent.level.toString()>Click &quot;Add to Basket&quot;
 Running action Click on addToCartbtn [{class=btnAddToCart}]
</div><br/><br/><div class=stepevent.level.toString()>If the item is waitlist
 Running action CheckForElements on waitlistConfirmation [{xpath=//span[text()='Waitlist confirmation']}]
</div><br/><br/><div class=stepevent.level.toString()>Function Elapsed Time 0 min, 26 sec
</div><br/><br/><div class=stepevent.level.toString()>Search product again
 Test module &quot;ByProductNum&quot;
</div><br/><br/><div class=stepevent.level.toString()>Wait until the search bar display
 Running action WaitUntilObjectExist on searchBox [{id=searchBoxField}, {id=txtMastheadSearch}] with data {wait=4}
</div><br/><br/><div class=stepevent.level.toString()>Enter item number
 Running action SendKeys on searchBox [{id=searchBoxField}, {id=txtMastheadSearch}] with data {text=589523}
</div><br/><br/><div class=stepevent.level.toString()>Click &quot;Search&quot; button
 Running action Click on goBtn [{id=btnMastheadSearch}]
</div><br/><br/><div class=stepevent.level.toString()>Close the cookies bar
 Running action CheckForElements on cookiesBarCloseBtn [{xpath=//*[@id=&quot;alert-cookie-info-bar&quot;]//button[@class=&quot;close&quot;]}]
</div><br/><br/><div class=stepevent.level.toString()>Function Elapsed Time 0 min, 13 sec
</div><br/><br/><div class=stepevent.level.toString()>Add the product to cart
 Test module &quot;AddToCart&quot;
</div><br/><br/><div class=stepevent.level.toString()>Verify we are at Product Detail page
 Running action ContainsText on productDetailHeader [{xpath=//*[@class=&quot;breadcrumb pageBreadcrumb&quot;]}] with data {text=Product Detail}
</div><br/><br/><div class=stepevent.level.toString()>Get the product number
 Running action Text on productNumbertxt [{xpath=//*[@class='itemNo']}] with data {storeas=productNumPD}
</div><br/><br/><div class=stepevent.level.toString()>Get the product price
 Running action Text on qVCRegularPrice [{xpath=//*[@class=&quot;price&quot;]}, {xpath=//*[@class=&quot;price priceSm&quot;]}, {xpath=//*[@class=&quot;productDetailPrice  price&quot;]}, {xpath=//*[contains(@class,&quot;productDetailPrice&quot;)][1]}] with data {storeas=productPrice}
</div><br/><br/><div class=stepevent.level.toString()>If have instock color
 Running action CheckForElements on FirstAvailableColorOption [{xpath=//*[@ats=&quot;Y&quot;]//*[@class=&quot;swatchBox selectOption&quot;][1]}, {xpath=//*[@class=&quot;buyBoxSelect buyBoxSelectColor&quot;]//*[@class=&quot;swatchBox selectOption&quot;]}]
</div><br/><br/><div class=stepevent.level.toString()>If have instock color
 Running action CheckForElements on FirstAvailableColor [{xpath=//*[@class=&quot;selectColor&quot; and @ats=&quot;Y&quot;][1]}, {xpath=//*[@ats=&quot;Y&quot;][1]/*[@class=&quot;swatchBox selectColor&quot;]}]
</div><br/><br/><div class=stepevent.level.toString()>If have instock size
 Running action CheckForElements on FirstAvailableSize [{xpath=//*[@class=&quot;selectSize&quot; and @ats=&quot;Y&quot;][1]}, {xpath=//*[@ats=&quot;Y&quot;][1]/*[@class=&quot;swatchBox selectSize&quot;]}]
</div><br/><br/><div class=stepevent.level.toString()>SELECT quantity
 Running action SendKeys on productQtyInputBox [{css=.productQuantity}] with data {text=1}
</div><br/><br/><div class=stepevent.level.toString()>Click &quot;Add to Basket&quot;
 Running action Click on addToCartbtn [{class=btnAddToCart}]
</div><br/><br/><div class=stepevent.level.toString()>If the item is waitlist
 Running action CheckForElements on waitlistConfirmation [{xpath=//span[text()='Waitlist confirmation']}]
</div><br/><br/><div class=stepevent.level.toString()>Function Elapsed Time 0 min, 23 sec
</div><br/><br/><div class=stepevent.level.toString()>Confirm add duplicate item
 Test module &quot;ClickYes&quot;
</div><br/><br/><div class=stepevent.level.toString()>Wait until the title display
 Running action WaitUntilObjectExist on Header [{id=divPageTitle}]
</div><br/><br/><div class=stepevent.level.toString()>Verify we are in duplicate item comfirm page
 Running action ContainsText on Header [{id=divPageTitle}] with data {text=Duplicate item}
</div><br/><br/><div class=stepevent.level.toString()>Click yes
 Running action Click on btnYes [{xpath=//*[@class='primaryButton']}]
</div><br/><br/><div class=stepevent.level.toString()>Wait until the title display
 Running action WaitUntilObjectExist on pageTitle [{id=divPageTitle}, {xpath=//*[@id='divPageTitle']/h1}, {xpath=//*[@class='breadcrumb pageBreadcrumb']}]
</div><br/><br/><div class=stepevent.level.toString()>Verify we are Shopping basket
 Running action ContainsText on pageTitle [{id=divPageTitle}, {xpath=//*[@id='divPageTitle']/h1}, {xpath=//*[@class='breadcrumb pageBreadcrumb']}] with data {text=Shopping basket}
</div><br/><br/><div class=stepevent.level.toString()>Function Elapsed Time 0 min, 2 sec
</div><br/><br/><div class=stepevent.level.toString()>Verify the Muti-quantity shipping discount message
 Test module &quot;VerifyMultiQuantityDiscount&quot;
</div><br/><br/><div class=stepevent.level.toString()>Veify we are at &quot;Product Detail&quot; page
 Running action ContainsText on pageTitle [{id=divPageTitle}, {xpath=//*[@id='divPageTitle']/h1}, {xpath=//*[@class='breadcrumb pageBreadcrumb']}] with data {text=Shopping basket}
</div><br/><br/><div class=stepevent.level.toString()>Running action VerifyExist on MultiQuantityShippingDiscount [{xpath=//div[@class='divProduct']//td[@class='tdCurrency'][2]}]
</div><br/><br/><div class=stepevent.level.toString()>Running action ContainsText on MultiQuantityShippingDiscount [{xpath=//div[@class='divProduct']//td[@class='tdCurrency'][2]}] with data {text=saved}
</div><br/><br/><div class=stepevent.level.toString()>Function Elapsed Time 0 min, 0 sec
</div><br/><br/><div class=stepevent.level.toString()>Click &quot;Check Out&quot;
 Test module &quot;CheckOut&quot;
</div><br/><br/><div class=stepevent.level.toString()>Veify we are at &quot;Shopping basket&quot; page
 Running action ContainsText on pageTitle [{id=divPageTitle}, {xpath=//*[@id='divPageTitle']/h1}, {xpath=//*[@class='breadcrumb pageBreadcrumb']}] with data {text=Shopping basket}
</div><br/><br/><div class=stepevent.level.toString()>Click &quot;Checkout&quot;
 Running action Click on checkoutBtn [{xpath=//*[@class=&quot;divProductButtons&quot;]//*[@value=&quot;Checkout&quot;][1]}]
</div><br/><br/><div class=stepevent.level.toString()>Function Elapsed Time 0 min, 2 sec
</div><br/><br/><div class=stepevent.level.toString()>Sign in
 Test module &quot;ByEmail&quot;
</div><br/><br/><div class=stepevent.level.toString()>Wait until the object exist
 Running action WaitUntilObjectExist on signInHeader [{id=divPageTitle}] with data {wait=10}
</div><br/><br/><div class=stepevent.level.toString()>Veify we are at &quot;Sign In&quot; page
 Running action ContainsText on signInHeader [{id=divPageTitle}] with data {text=Sign In}
</div><br/><br/><div class=stepevent.level.toString()>Input email address
 Running action SendKeys on emailAddressTextbox [{id=txtEmailAddress}, {name=logonId}] with data {text=a123456lt@qvc.com}
</div><br/><br/><div class=stepevent.level.toString()>Input password
 Running action SendKeys on passwordTextbox [{id=txtPassword}, {name=logonPassword}] with data {text=Aa123456}
</div><br/><br/><div class=stepevent.level.toString()>Click &quot;Sign in&quot;
 Running action Click on loginBtn [{id=btnSignIn}]
</div><br/><br/><div class=stepevent.level.toString()>Function Elapsed Time 0 min, 14 sec
</div><br/><br/><div class=stepevent.level.toString()>Use default address
 Test module &quot;UseCurrent&quot;
</div><br/><br/><div class=stepevent.level.toString()>Veify we are at &quot;Ship-To Address&quot; page
 Running action ContainsText on pageTitle [{id=divPageTitle}, {xpath=//*[@id='divPageTitle']/h1}, {xpath=//*[@class='breadcrumb pageBreadcrumb']}] with data {text=Delivery address}
</div><br/><br/><div class=stepevent.level.toString()>Click &quot;Contine&quot;
 Running action Click on continuebtn [{id=btnContinueAddressBook}]
</div><br/><br/><div class=stepevent.level.toString()>Locator was: {id=btnContinueAddressBook}
</div><br/><br/><div class=stepevent.level.toString()>Report file generated: c:\seleniumframeworkplugin\testOutput\16\DetailReport\ReRun\Fail_PD_AEM_Shipping_and_Handling_Multi_Quantity_UK_only_uk_chrome.html
</div><br/></div></td></tr><tr><th>Exception</th></tr><tr><td><div class="stacktrace">org.openqa.selenium.NoSuchElementException: no such element: Unable to locate element: {&quot;method&quot;:&quot;id&quot;,&quot;selector&quot;:&quot;btnContinueAddressBook&quot;}
  (Session info: chrome=59.0.3071.115)
  (Driver info: chromedriver=2.30.477691 (6ee44a7247c639c0703f291d320bdf05c1531b57),platform=Linux 4.4.0-96-generic x86_64) (WARNING: The server did not provide any stacktrace information)
Command duration or timeout: 26 milliseconds
For documentation on this error, please visit: http://seleniumhq.org/exceptions/no_such_element.html
Build info: version: &apos;3.4.0&apos;, revision: &apos;unknown&apos;, time: &apos;unknown&apos;
System info: host: &apos;wchpilsgrid04&apos;, ip: &apos;167.140.56.169&apos;, os.name: &apos;Linux&apos;, os.arch: &apos;amd64&apos;, os.version: &apos;4.4.0-96-generic&apos;, java.version: &apos;1.8.0_131&apos;
Driver info: org.openqa.selenium.chrome.ChromeDriver
Capabilities [{applicationCacheEnabled=false, rotatable=false, mobileEmulationEnabled=false, networkConnectionEnabled=false, chrome={chromedriverVersion=2.30.477691 (6ee44a7247c639c0703f291d320bdf05c1531b57), userDataDir=/tmp/.org.chromium.Chromium.cXEpeT}, takesHeapSnapshot=true, pageLoadStrategy=normal, databaseEnabled=false, handlesAlerts=true, hasTouchScreen=false, version=59.0.3071.115, platform=LINUX, browserConnectionEnabled=false, nativeEvents=true, acceptSslCerts=true, locationContextEnabled=true, webStorageEnabled=true, browserName=chrome, takesScreenshot=true, javascriptEnabled=true, cssSelectorsEnabled=true, unexpectedAlertBehaviour=}]
Session ID: d5e4c47490badf11069d67981f7c372a
*** Element info: {Using=id, value=btnContinueAddressBook}
Command duration or timeout: 331 milliseconds
	at org.openqa.selenium.remote.ErrorHandler.createThrowable(ErrorHandler.java:215)
	at org.openqa.selenium.remote.ErrorHandler.throwIfResponseFailed(ErrorHandler.java:167)
	at org.openqa.selenium.remote.RemoteWebDriver.execute(RemoteWebDriver.java:671)
	at org.openqa.selenium.remote.RemoteWebDriver.findElement(RemoteWebDriver.java:410)
	at org.openqa.selenium.remote.RemoteWebDriver.findElementById(RemoteWebDriver.java:453)
	at org.openqa.selenium.By$ById.findElement(By.java:218)
	at org.openqa.selenium.remote.RemoteWebDriver.findElement(RemoteWebDriver.java:402)
	at com.qvc.selenium.data.PageObject.findElement(PageObject.java:130)
	at com.qvc.selenium.data.PageObject.getWebElement(PageObject.java:210)
	at com.qvc.selenium.actions.BaseAction.getWebElement(BaseAction.java:154)
	at com.qvc.selenium.actions.BaseAction.getWebElement(BaseAction.java:140)
	at com.qvc.selenium.actions.ClickAction.runAction(ClickAction.java:40)
	at com.qvc.selenium.steps.TestStep.run(TestStep.java:217)
	at com.qvc.selenium.plugin.TestModule.runTestFlow(TestModule.java:92)
	at com.qvc.selenium.plugin.TestModule.runTestFlow(TestModule.java:62)
	at com.qvc.selenium.steps.FunctionTestStep.run(FunctionTestStep.java:85)
	at com.qvc.selenium.plugin.TestModule.runTestFlow(TestModule.java:92)
	at com.qvc.selenium.plugin.TestCase.runTestCase(TestCase.java:92)
	at java.util.concurrent.Executors$RunnableAdapter.call(Executors.java:511)
	at java.util.concurrent.FutureTask.run(FutureTask.java:266)
	at java.util.concurrent.ThreadPoolExecutor.runWorker(ThreadPoolExecutor.java:1149)
	at java.util.concurrent.ThreadPoolExecutor$Worker.run(ThreadPoolExecutor.java:624)
	at java.lang.Thread.run(Thread.java:748)
Caused by: org.openqa.selenium.remote.ScreenshotException: Screen shot has been taken
	at org.openqa.selenium.remote.ErrorHandler.throwIfResponseFailed(ErrorHandler.java:141)
	... 27 more
Caused by: org.openqa.selenium.NoSuchElementException: no such element: Unable to locate element: {&quot;method&quot;:&quot;id&quot;,&quot;selector&quot;:&quot;btnContinueAddressBook&quot;}
  (Session info: chrome=59.0.3071.115)
  (Driver info: chromedriver=2.30.477691 (6ee44a7247c639c0703f291d320bdf05c1531b57),platform=Linux 4.4.0-96-generic x86_64) (WARNING: The server did not provide any stacktrace information)
Command duration or timeout: 26 milliseconds
For documentation on this error, please visit: http://seleniumhq.org/exceptions/no_such_element.html
Build info: version: &apos;3.4.0&apos;, revision: &apos;unknown&apos;, time: &apos;unknown&apos;
System info: host: &apos;wchpilsgrid04&apos;, ip: &apos;167.140.56.169&apos;, os.name: &apos;Linux&apos;, os.arch: &apos;amd64&apos;, os.version: &apos;4.4.0-96-generic&apos;, java.version: &apos;1.8.0_131&apos;
Driver info: org.openqa.selenium.chrome.ChromeDriver
Capabilities [{applicationCacheEnabled=false, rotatable=false, mobileEmulationEnabled=false, networkConnectionEnabled=false, chrome={chromedriverVersion=2.30.477691 (6ee44a7247c639c0703f291d320bdf05c1531b57), userDataDir=/tmp/.org.chromium.Chromium.cXEpeT}, takesHeapSnapshot=true, pageLoadStrategy=normal, databaseEnabled=false, handlesAlerts=true, hasTouchScreen=false, version=59.0.3071.115, platform=LINUX, browserConnectionEnabled=false, nativeEvents=true, acceptSslCerts=true, locationContextEnabled=true, webStorageEnabled=true, browserName=chrome, takesScreenshot=true, javascriptEnabled=true, cssSelectorsEnabled=true, unexpectedAlertBehaviour=}]
Session ID: d5e4c47490badf11069d67981f7c372a
*** Element info: {Using=id, value=btnContinueAddressBook}
For documentation on this error, please visit: http://seleniumhq.org/exceptions/no_such_element.html
Build info: version: &apos;3.4.0&apos;, revision: &apos;unknown&apos;, time: &apos;unknown&apos;
System info: host: &apos;QUFT12011&apos;, ip: &apos;10.14.18.72&apos;, os.name: &apos;Windows 7&apos;, os.arch: &apos;amd64&apos;, os.version: &apos;6.1&apos;, java.version: &apos;1.8.0_151&apos;
Driver info: driver.version: EventFiringWebDriver
	at org.openqa.selenium.remote.ErrorHandler.createThrowable(ErrorHandler.java:215)
	at org.openqa.selenium.remote.ErrorHandler.throwIfResponseFailed(ErrorHandler.java:167)
	at org.openqa.selenium.remote.RemoteWebDriver.execute(RemoteWebDriver.java:671)
	at org.openqa.selenium.remote.RemoteWebDriver.findElement(RemoteWebDriver.java:410)
	at org.openqa.selenium.remote.RemoteWebDriver.findElementById(RemoteWebDriver.java:453)
	at org.openqa.selenium.By$ById.findElement(By.java:218)
	at org.openqa.selenium.remote.RemoteWebDriver.findElement(RemoteWebDriver.java:402)
	at org.openqa.selenium.support.events.EventFiringWebDriver$2.invoke(EventFiringWebDriver.java:104)
	at com.sun.proxy.$Proxy6.findElement(Unknown Source)
	at org.openqa.selenium.support.events.EventFiringWebDriver.findElement(EventFiringWebDriver.java:188)
	at org.openqa.selenium.remote.server.handler.FindElement.call(FindElement.java:48)
	at org.openqa.selenium.remote.server.handler.FindElement.call(FindElement.java:33)
	at java.util.concurrent.FutureTask.run(FutureTask.java:266)
	at org.openqa.selenium.remote.server.DefaultSession$1.run(DefaultSession.java:176)
	at java.util.concurrent.ThreadPoolExecutor.runWorker(ThreadPoolExecutor.java:1142)
	at java.util.concurrent.ThreadPoolExecutor$Worker.run(ThreadPoolExecutor.java:617)
	... 1 more
... Removed 15 stack frames</div></td></tr></table><p class="totop"><a href="#summary">back to summary</a></p></body></html>